2018/05/04 14:49:31  INFO StudentService:57 - deleteStudents删除ID：12
2018/05/04 15:39:27  INFO ContextLoader:305 - Root WebApplicationContext: initialization started
2018/05/04 15:39:27  INFO XmlWebApplicationContext:581 - Refreshing Root WebApplicationContext: startup date [Fri May 04 15:39:27 CST 2018]; root of context hierarchy
2018/05/04 15:39:27  INFO XmlBeanDefinitionReader:317 - Loading XML bean definitions from class path resource [spring-mybatis.xml]
2018/05/04 15:39:28  WARN ClassPathMapperScanner:240 - Skipping MapperFactoryBean with name 'studentDao' and 'com.zj.dao.StudentDao' mapperInterface. Bean already defined with the same name!
2018/05/04 15:39:28  WARN ClassPathMapperScanner:240 - Skipping MapperFactoryBean with name 'userDao' and 'com.zj.dao.UserDao' mapperInterface. Bean already defined with the same name!
2018/05/04 15:39:28  WARN ClassPathMapperScanner:167 - No MyBatis mapper was found in '[com.zj.dao]' package. Please check your configuration.
2018/05/04 15:39:28  INFO PropertyPlaceholderConfigurer:172 - Loading properties file from class path resource [jdbc.properties]
2018/05/04 15:39:28  INFO AutowiredAnnotationBeanPostProcessor:155 - JSR-330 'javax.inject.Inject' annotation found and supported for autowiring
2018/05/04 15:39:29  INFO ContextLoader:345 - Root WebApplicationContext: initialization completed in 2148 ms
2018/05/04 15:39:29  INFO DispatcherServlet:489 - FrameworkServlet 'SpringMVC': initialization started
2018/05/04 15:39:29  INFO XmlWebApplicationContext:581 - Refreshing WebApplicationContext for namespace 'SpringMVC-servlet': startup date [Fri May 04 15:39:29 CST 2018]; parent: Root WebApplicationContext
2018/05/04 15:39:29  INFO XmlBeanDefinitionReader:317 - Loading XML bean definitions from class path resource [spring-mvc.xml]
2018/05/04 15:39:29  INFO DefaultListableBeanFactory:843 - Overriding bean definition for bean 'org.springframework.web.servlet.mvc.method.annotation.RequestMappingHandlerMapping' with a different definition: replacing [Root bean: class [org.springframework.web.servlet.mvc.method.annotation.RequestMappingHandlerMapping]; scope=; abstract=false; lazyInit=false; autowireMode=0; dependencyCheck=0; autowireCandidate=true; primary=false; factoryBeanName=null; factoryMethodName=null; initMethodName=null; destroyMethodName=null] with [Root bean: class [org.springframework.web.servlet.mvc.method.annotation.RequestMappingHandlerMapping]; scope=; abstract=false; lazyInit=false; autowireMode=0; dependencyCheck=0; autowireCandidate=true; primary=false; factoryBeanName=null; factoryMethodName=null; initMethodName=null; destroyMethodName=null]
2018/05/04 15:39:29  INFO DefaultListableBeanFactory:843 - Overriding bean definition for bean 'org.springframework.web.servlet.mvc.method.annotation.RequestMappingHandlerAdapter' with a different definition: replacing [Root bean: class [org.springframework.web.servlet.mvc.method.annotation.RequestMappingHandlerAdapter]; scope=; abstract=false; lazyInit=false; autowireMode=0; dependencyCheck=0; autowireCandidate=true; primary=false; factoryBeanName=null; factoryMethodName=null; initMethodName=null; destroyMethodName=null] with [Root bean: class [org.springframework.web.servlet.mvc.method.annotation.RequestMappingHandlerAdapter]; scope=; abstract=false; lazyInit=false; autowireMode=0; dependencyCheck=0; autowireCandidate=true; primary=false; factoryBeanName=null; factoryMethodName=null; initMethodName=null; destroyMethodName=null]
2018/05/04 15:39:29  INFO DefaultListableBeanFactory:843 - Overriding bean definition for bean 'mvcUriComponentsContributor' with a different definition: replacing [Root bean: class [org.springframework.web.servlet.config.AnnotationDrivenBeanDefinitionParser$CompositeUriComponentsContributorFactoryBean]; scope=; abstract=false; lazyInit=false; autowireMode=0; dependencyCheck=0; autowireCandidate=true; primary=false; factoryBeanName=null; factoryMethodName=null; initMethodName=null; destroyMethodName=null] with [Root bean: class [org.springframework.web.servlet.config.AnnotationDrivenBeanDefinitionParser$CompositeUriComponentsContributorFactoryBean]; scope=; abstract=false; lazyInit=false; autowireMode=0; dependencyCheck=0; autowireCandidate=true; primary=false; factoryBeanName=null; factoryMethodName=null; initMethodName=null; destroyMethodName=null]
2018/05/04 15:39:29  INFO AutowiredAnnotationBeanPostProcessor:155 - JSR-330 'javax.inject.Inject' annotation found and supported for autowiring
2018/05/04 15:39:30  INFO RequestMappingHandlerMapping:543 - Mapped "{[/student/add]}" onto public com.zj.result.ResultInfo com.zj.controller.StudentController.addStudent(com.zj.model.Student)
2018/05/04 15:39:30  INFO RequestMappingHandlerMapping:543 - Mapped "{[/student/addView]}" onto public java.lang.String com.zj.controller.StudentController.addView()
2018/05/04 15:39:30  INFO RequestMappingHandlerMapping:543 - Mapped "{[/student/main]}" onto public java.lang.String com.zj.controller.StudentController.findListStudent(com.zj.model.Student,org.springframework.ui.Model)
2018/05/04 15:39:30  INFO RequestMappingHandlerMapping:543 - Mapped "{[/student/delete/{id}]}" onto public java.lang.String com.zj.controller.StudentController.deleteStudent(java.lang.Integer)
2018/05/04 15:39:30  INFO RequestMappingHandlerMapping:543 - Mapped "{[/student/updateView/{id}]}" onto public java.lang.String com.zj.controller.StudentController.updateView(java.lang.Integer,org.springframework.ui.Model)
2018/05/04 15:39:30  INFO RequestMappingHandlerMapping:543 - Mapped "{[/student/update]}" onto public com.zj.result.ResultInfo com.zj.controller.StudentController.updateStudent(com.zj.model.Student,javax.servlet.http.HttpServletRequest,javax.servlet.http.HttpSession)
2018/05/04 15:39:30  INFO RequestMappingHandlerMapping:543 - Mapped "{[/user/index]}" onto public java.lang.String com.zj.controller.UserController.index(javax.servlet.http.HttpServletRequest,javax.servlet.http.HttpSession)
2018/05/04 15:39:30  INFO RequestMappingHandlerMapping:543 - Mapped "{[/user/login]}" onto public com.zj.result.ResultInfo com.zj.controller.UserController.login(com.zj.model.User,javax.servlet.http.HttpServletRequest,javax.servlet.http.HttpSession)
2018/05/04 15:39:30  INFO RequestMappingHandlerMapping:543 - Mapped "{[/user/yzm]}" onto public void com.zj.controller.UserController.sendYzm(javax.servlet.http.HttpServletRequest,javax.servlet.http.HttpServletResponse) throws java.io.IOException
2018/05/04 15:39:30  INFO RequestMappingHandlerMapping:543 - Mapped "{[/user/check]}" onto public com.zj.result.ResultInfo com.zj.controller.UserController.checkYzm(javax.servlet.http.HttpServletRequest,javax.servlet.http.HttpServletResponse)
2018/05/04 15:39:32  INFO RequestMappingHandlerAdapter:534 - Looking for @ControllerAdvice: WebApplicationContext for namespace 'SpringMVC-servlet': startup date [Fri May 04 15:39:29 CST 2018]; parent: Root WebApplicationContext
2018/05/04 15:39:32  INFO RequestMappingHandlerAdapter:547 - Detected @ModelAttribute methods in globalExceptionHandler
2018/05/04 15:39:32  INFO RequestMappingHandlerAdapter:534 - Looking for @ControllerAdvice: WebApplicationContext for namespace 'SpringMVC-servlet': startup date [Fri May 04 15:39:29 CST 2018]; parent: Root WebApplicationContext
2018/05/04 15:39:32  INFO RequestMappingHandlerAdapter:547 - Detected @ModelAttribute methods in globalExceptionHandler
2018/05/04 15:39:32  INFO ExceptionHandlerExceptionResolver:269 - Detected @ExceptionHandler methods in globalExceptionHandler
2018/05/04 15:39:32  INFO SimpleUrlHandlerMapping:354 - Mapped URL path [/**] onto handler 'org.springframework.web.servlet.resource.DefaultServletHttpRequestHandler#0'
2018/05/04 15:39:32  INFO FreeMarkerConfigurer:127 - ClassTemplateLoader for Spring macros added to FreeMarker configuration
2018/05/04 15:39:32  INFO ExceptionHandlerExceptionResolver:269 - Detected @ExceptionHandler methods in globalExceptionHandler
2018/05/04 15:39:33  INFO DispatcherServlet:508 - FrameworkServlet 'SpringMVC': initialization completed in 3432 ms
2018/05/04 15:39:53  INFO StudentService:57 - deleteStudents删除ID：1
2018/05/04 15:41:01  INFO StudentService:57 - deleteStudents删除ID：3
2018/05/04 15:41:20  INFO ContextLoader:305 - Root WebApplicationContext: initialization started
2018/05/04 15:41:20  INFO XmlWebApplicationContext:581 - Refreshing Root WebApplicationContext: startup date [Fri May 04 15:41:20 CST 2018]; root of context hierarchy
2018/05/04 15:41:20  INFO XmlBeanDefinitionReader:317 - Loading XML bean definitions from class path resource [spring-mybatis.xml]
2018/05/04 15:41:21  WARN ClassPathMapperScanner:240 - Skipping MapperFactoryBean with name 'studentDao' and 'com.zj.dao.StudentDao' mapperInterface. Bean already defined with the same name!
2018/05/04 15:41:21  WARN ClassPathMapperScanner:240 - Skipping MapperFactoryBean with name 'userDao' and 'com.zj.dao.UserDao' mapperInterface. Bean already defined with the same name!
2018/05/04 15:41:21  WARN ClassPathMapperScanner:167 - No MyBatis mapper was found in '[com.zj.dao]' package. Please check your configuration.
2018/05/04 15:41:21  INFO PropertyPlaceholderConfigurer:172 - Loading properties file from class path resource [jdbc.properties]
2018/05/04 15:41:21  INFO AutowiredAnnotationBeanPostProcessor:155 - JSR-330 'javax.inject.Inject' annotation found and supported for autowiring
2018/05/04 15:41:21  INFO ContextLoader:345 - Root WebApplicationContext: initialization completed in 1326 ms
2018/05/04 15:41:21  INFO DispatcherServlet:489 - FrameworkServlet 'SpringMVC': initialization started
2018/05/04 15:41:21  INFO XmlWebApplicationContext:581 - Refreshing WebApplicationContext for namespace 'SpringMVC-servlet': startup date [Fri May 04 15:41:21 CST 2018]; parent: Root WebApplicationContext
2018/05/04 15:41:21  INFO XmlBeanDefinitionReader:317 - Loading XML bean definitions from class path resource [spring-mvc.xml]
2018/05/04 15:41:22  INFO DefaultListableBeanFactory:843 - Overriding bean definition for bean 'org.springframework.web.servlet.mvc.method.annotation.RequestMappingHandlerMapping' with a different definition: replacing [Root bean: class [org.springframework.web.servlet.mvc.method.annotation.RequestMappingHandlerMapping]; scope=; abstract=false; lazyInit=false; autowireMode=0; dependencyCheck=0; autowireCandidate=true; primary=false; factoryBeanName=null; factoryMethodName=null; initMethodName=null; destroyMethodName=null] with [Root bean: class [org.springframework.web.servlet.mvc.method.annotation.RequestMappingHandlerMapping]; scope=; abstract=false; lazyInit=false; autowireMode=0; dependencyCheck=0; autowireCandidate=true; primary=false; factoryBeanName=null; factoryMethodName=null; initMethodName=null; destroyMethodName=null]
2018/05/04 15:41:22  INFO DefaultListableBeanFactory:843 - Overriding bean definition for bean 'org.springframework.web.servlet.mvc.method.annotation.RequestMappingHandlerAdapter' with a different definition: replacing [Root bean: class [org.springframework.web.servlet.mvc.method.annotation.RequestMappingHandlerAdapter]; scope=; abstract=false; lazyInit=false; autowireMode=0; dependencyCheck=0; autowireCandidate=true; primary=false; factoryBeanName=null; factoryMethodName=null; initMethodName=null; destroyMethodName=null] with [Root bean: class [org.springframework.web.servlet.mvc.method.annotation.RequestMappingHandlerAdapter]; scope=; abstract=false; lazyInit=false; autowireMode=0; dependencyCheck=0; autowireCandidate=true; primary=false; factoryBeanName=null; factoryMethodName=null; initMethodName=null; destroyMethodName=null]
2018/05/04 15:41:22  INFO DefaultListableBeanFactory:843 - Overriding bean definition for bean 'mvcUriComponentsContributor' with a different definition: replacing [Root bean: class [org.springframework.web.servlet.config.AnnotationDrivenBeanDefinitionParser$CompositeUriComponentsContributorFactoryBean]; scope=; abstract=false; lazyInit=false; autowireMode=0; dependencyCheck=0; autowireCandidate=true; primary=false; factoryBeanName=null; factoryMethodName=null; initMethodName=null; destroyMethodName=null] with [Root bean: class [org.springframework.web.servlet.config.AnnotationDrivenBeanDefinitionParser$CompositeUriComponentsContributorFactoryBean]; scope=; abstract=false; lazyInit=false; autowireMode=0; dependencyCheck=0; autowireCandidate=true; primary=false; factoryBeanName=null; factoryMethodName=null; initMethodName=null; destroyMethodName=null]
2018/05/04 15:41:22  INFO AutowiredAnnotationBeanPostProcessor:155 - JSR-330 'javax.inject.Inject' annotation found and supported for autowiring
2018/05/04 15:41:23  INFO RequestMappingHandlerMapping:543 - Mapped "{[/student/add]}" onto public com.zj.result.ResultInfo com.zj.controller.StudentController.addStudent(com.zj.model.Student)
2018/05/04 15:41:23  INFO RequestMappingHandlerMapping:543 - Mapped "{[/student/addView]}" onto public java.lang.String com.zj.controller.StudentController.addView()
2018/05/04 15:41:23  INFO RequestMappingHandlerMapping:543 - Mapped "{[/student/main]}" onto public java.lang.String com.zj.controller.StudentController.findListStudent(com.zj.model.Student,org.springframework.ui.Model)
2018/05/04 15:41:23  INFO RequestMappingHandlerMapping:543 - Mapped "{[/student/delete/{id}]}" onto public java.lang.String com.zj.controller.StudentController.deleteStudent(java.lang.Integer)
2018/05/04 15:41:23  INFO RequestMappingHandlerMapping:543 - Mapped "{[/student/updateView/{id}]}" onto public java.lang.String com.zj.controller.StudentController.updateView(java.lang.Integer,org.springframework.ui.Model)
2018/05/04 15:41:23  INFO RequestMappingHandlerMapping:543 - Mapped "{[/student/update]}" onto public com.zj.result.ResultInfo com.zj.controller.StudentController.updateStudent(com.zj.model.Student,javax.servlet.http.HttpServletRequest,javax.servlet.http.HttpSession)
2018/05/04 15:41:23  INFO RequestMappingHandlerMapping:543 - Mapped "{[/user/index]}" onto public java.lang.String com.zj.controller.UserController.index(javax.servlet.http.HttpServletRequest,javax.servlet.http.HttpSession)
2018/05/04 15:41:23  INFO RequestMappingHandlerMapping:543 - Mapped "{[/user/login]}" onto public com.zj.result.ResultInfo com.zj.controller.UserController.login(com.zj.model.User,javax.servlet.http.HttpServletRequest,javax.servlet.http.HttpSession)
2018/05/04 15:41:23  INFO RequestMappingHandlerMapping:543 - Mapped "{[/user/yzm]}" onto public void com.zj.controller.UserController.sendYzm(javax.servlet.http.HttpServletRequest,javax.servlet.http.HttpServletResponse) throws java.io.IOException
2018/05/04 15:41:23  INFO RequestMappingHandlerMapping:543 - Mapped "{[/user/check]}" onto public com.zj.result.ResultInfo com.zj.controller.UserController.checkYzm(javax.servlet.http.HttpServletRequest,javax.servlet.http.HttpServletResponse)
2018/05/04 15:41:24  INFO RequestMappingHandlerAdapter:534 - Looking for @ControllerAdvice: WebApplicationContext for namespace 'SpringMVC-servlet': startup date [Fri May 04 15:41:21 CST 2018]; parent: Root WebApplicationContext
2018/05/04 15:41:24  INFO RequestMappingHandlerAdapter:547 - Detected @ModelAttribute methods in globalExceptionHandler
2018/05/04 15:41:24  INFO RequestMappingHandlerAdapter:534 - Looking for @ControllerAdvice: WebApplicationContext for namespace 'SpringMVC-servlet': startup date [Fri May 04 15:41:21 CST 2018]; parent: Root WebApplicationContext
2018/05/04 15:41:24  INFO RequestMappingHandlerAdapter:547 - Detected @ModelAttribute methods in globalExceptionHandler
2018/05/04 15:41:24  INFO ExceptionHandlerExceptionResolver:269 - Detected @ExceptionHandler methods in globalExceptionHandler
2018/05/04 15:41:24  INFO SimpleUrlHandlerMapping:354 - Mapped URL path [/**] onto handler 'org.springframework.web.servlet.resource.DefaultServletHttpRequestHandler#0'
2018/05/04 15:41:24  INFO FreeMarkerConfigurer:127 - ClassTemplateLoader for Spring macros added to FreeMarker configuration
2018/05/04 15:41:25  INFO ExceptionHandlerExceptionResolver:269 - Detected @ExceptionHandler methods in globalExceptionHandler
2018/05/04 15:41:25  INFO DispatcherServlet:508 - FrameworkServlet 'SpringMVC': initialization completed in 3262 ms
2018/05/04 15:41:42  INFO StudentService:57 - deleteStudents删除ID：4
2018/05/04 15:44:03  INFO ContextLoader:305 - Root WebApplicationContext: initialization started
2018/05/04 15:44:03  INFO XmlWebApplicationContext:581 - Refreshing Root WebApplicationContext: startup date [Fri May 04 15:44:03 CST 2018]; root of context hierarchy
2018/05/04 15:44:03  INFO XmlBeanDefinitionReader:317 - Loading XML bean definitions from class path resource [spring-mybatis.xml]
2018/05/04 15:44:04  WARN ClassPathMapperScanner:240 - Skipping MapperFactoryBean with name 'studentDao' and 'com.zj.dao.StudentDao' mapperInterface. Bean already defined with the same name!
2018/05/04 15:44:04  WARN ClassPathMapperScanner:240 - Skipping MapperFactoryBean with name 'userDao' and 'com.zj.dao.UserDao' mapperInterface. Bean already defined with the same name!
2018/05/04 15:44:04  WARN ClassPathMapperScanner:167 - No MyBatis mapper was found in '[com.zj.dao]' package. Please check your configuration.
2018/05/04 15:44:04  INFO PropertyPlaceholderConfigurer:172 - Loading properties file from class path resource [jdbc.properties]
2018/05/04 15:44:04  INFO AutowiredAnnotationBeanPostProcessor:155 - JSR-330 'javax.inject.Inject' annotation found and supported for autowiring
2018/05/04 15:44:05  INFO ContextLoader:345 - Root WebApplicationContext: initialization completed in 1812 ms
2018/05/04 15:44:05  INFO DispatcherServlet:489 - FrameworkServlet 'SpringMVC': initialization started
2018/05/04 15:44:05  INFO XmlWebApplicationContext:581 - Refreshing WebApplicationContext for namespace 'SpringMVC-servlet': startup date [Fri May 04 15:44:05 CST 2018]; parent: Root WebApplicationContext
2018/05/04 15:44:05  INFO XmlBeanDefinitionReader:317 - Loading XML bean definitions from class path resource [spring-mvc.xml]
2018/05/04 15:44:05  INFO DefaultListableBeanFactory:843 - Overriding bean definition for bean 'org.springframework.web.servlet.mvc.method.annotation.RequestMappingHandlerMapping' with a different definition: replacing [Root bean: class [org.springframework.web.servlet.mvc.method.annotation.RequestMappingHandlerMapping]; scope=; abstract=false; lazyInit=false; autowireMode=0; dependencyCheck=0; autowireCandidate=true; primary=false; factoryBeanName=null; factoryMethodName=null; initMethodName=null; destroyMethodName=null] with [Root bean: class [org.springframework.web.servlet.mvc.method.annotation.RequestMappingHandlerMapping]; scope=; abstract=false; lazyInit=false; autowireMode=0; dependencyCheck=0; autowireCandidate=true; primary=false; factoryBeanName=null; factoryMethodName=null; initMethodName=null; destroyMethodName=null]
2018/05/04 15:44:05  INFO DefaultListableBeanFactory:843 - Overriding bean definition for bean 'org.springframework.web.servlet.mvc.method.annotation.RequestMappingHandlerAdapter' with a different definition: replacing [Root bean: class [org.springframework.web.servlet.mvc.method.annotation.RequestMappingHandlerAdapter]; scope=; abstract=false; lazyInit=false; autowireMode=0; dependencyCheck=0; autowireCandidate=true; primary=false; factoryBeanName=null; factoryMethodName=null; initMethodName=null; destroyMethodName=null] with [Root bean: class [org.springframework.web.servlet.mvc.method.annotation.RequestMappingHandlerAdapter]; scope=; abstract=false; lazyInit=false; autowireMode=0; dependencyCheck=0; autowireCandidate=true; primary=false; factoryBeanName=null; factoryMethodName=null; initMethodName=null; destroyMethodName=null]
2018/05/04 15:44:05  INFO DefaultListableBeanFactory:843 - Overriding bean definition for bean 'mvcUriComponentsContributor' with a different definition: replacing [Root bean: class [org.springframework.web.servlet.config.AnnotationDrivenBeanDefinitionParser$CompositeUriComponentsContributorFactoryBean]; scope=; abstract=false; lazyInit=false; autowireMode=0; dependencyCheck=0; autowireCandidate=true; primary=false; factoryBeanName=null; factoryMethodName=null; initMethodName=null; destroyMethodName=null] with [Root bean: class [org.springframework.web.servlet.config.AnnotationDrivenBeanDefinitionParser$CompositeUriComponentsContributorFactoryBean]; scope=; abstract=false; lazyInit=false; autowireMode=0; dependencyCheck=0; autowireCandidate=true; primary=false; factoryBeanName=null; factoryMethodName=null; initMethodName=null; destroyMethodName=null]
2018/05/04 15:44:05  INFO AutowiredAnnotationBeanPostProcessor:155 - JSR-330 'javax.inject.Inject' annotation found and supported for autowiring
2018/05/04 15:44:06  INFO RequestMappingHandlerMapping:543 - Mapped "{[/student/add]}" onto public com.zj.result.ResultInfo com.zj.controller.StudentController.addStudent(com.zj.model.Student)
2018/05/04 15:44:06  INFO RequestMappingHandlerMapping:543 - Mapped "{[/student/addView]}" onto public java.lang.String com.zj.controller.StudentController.addView()
2018/05/04 15:44:06  INFO RequestMappingHandlerMapping:543 - Mapped "{[/student/main]}" onto public java.lang.String com.zj.controller.StudentController.findListStudent(com.zj.model.Student,org.springframework.ui.Model)
2018/05/04 15:44:06  INFO RequestMappingHandlerMapping:543 - Mapped "{[/student/delete/{id}]}" onto public java.lang.String com.zj.controller.StudentController.deleteStudent(java.lang.Integer)
2018/05/04 15:44:06  INFO RequestMappingHandlerMapping:543 - Mapped "{[/student/updateView/{id}]}" onto public java.lang.String com.zj.controller.StudentController.updateView(java.lang.Integer,org.springframework.ui.Model)
2018/05/04 15:44:06  INFO RequestMappingHandlerMapping:543 - Mapped "{[/student/update]}" onto public com.zj.result.ResultInfo com.zj.controller.StudentController.updateStudent(com.zj.model.Student,javax.servlet.http.HttpServletRequest,javax.servlet.http.HttpSession)
2018/05/04 15:44:06  INFO RequestMappingHandlerMapping:543 - Mapped "{[/user/index]}" onto public java.lang.String com.zj.controller.UserController.index(javax.servlet.http.HttpServletRequest,javax.servlet.http.HttpSession)
2018/05/04 15:44:06  INFO RequestMappingHandlerMapping:543 - Mapped "{[/user/login]}" onto public com.zj.result.ResultInfo com.zj.controller.UserController.login(com.zj.model.User,javax.servlet.http.HttpServletRequest,javax.servlet.http.HttpSession)
2018/05/04 15:44:06  INFO RequestMappingHandlerMapping:543 - Mapped "{[/user/yzm]}" onto public void com.zj.controller.UserController.sendYzm(javax.servlet.http.HttpServletRequest,javax.servlet.http.HttpServletResponse) throws java.io.IOException
2018/05/04 15:44:06  INFO RequestMappingHandlerMapping:543 - Mapped "{[/user/check]}" onto public com.zj.result.ResultInfo com.zj.controller.UserController.checkYzm(javax.servlet.http.HttpServletRequest,javax.servlet.http.HttpServletResponse)
2018/05/04 15:44:07  INFO RequestMappingHandlerAdapter:534 - Looking for @ControllerAdvice: WebApplicationContext for namespace 'SpringMVC-servlet': startup date [Fri May 04 15:44:05 CST 2018]; parent: Root WebApplicationContext
2018/05/04 15:44:07  INFO RequestMappingHandlerAdapter:547 - Detected @ModelAttribute methods in globalExceptionHandler
2018/05/04 15:44:07  INFO RequestMappingHandlerAdapter:534 - Looking for @ControllerAdvice: WebApplicationContext for namespace 'SpringMVC-servlet': startup date [Fri May 04 15:44:05 CST 2018]; parent: Root WebApplicationContext
2018/05/04 15:44:07  INFO RequestMappingHandlerAdapter:547 - Detected @ModelAttribute methods in globalExceptionHandler
2018/05/04 15:44:07  INFO ExceptionHandlerExceptionResolver:269 - Detected @ExceptionHandler methods in globalExceptionHandler
2018/05/04 15:44:08  INFO SimpleUrlHandlerMapping:354 - Mapped URL path [/**] onto handler 'org.springframework.web.servlet.resource.DefaultServletHttpRequestHandler#0'
2018/05/04 15:44:08  INFO FreeMarkerConfigurer:127 - ClassTemplateLoader for Spring macros added to FreeMarker configuration
2018/05/04 15:44:08  INFO ExceptionHandlerExceptionResolver:269 - Detected @ExceptionHandler methods in globalExceptionHandler
2018/05/04 15:44:08  INFO DispatcherServlet:508 - FrameworkServlet 'SpringMVC': initialization completed in 3204 ms
2018/05/04 15:44:25  INFO StudentService:57 - deleteStudents删除ID：5
2018/05/04 15:44:31  INFO StudentService:57 - deleteStudents删除ID：6
2018/05/04 15:44:32  INFO StudentService:57 - deleteStudents删除ID：7
2018/05/04 15:44:33  INFO StudentService:57 - deleteStudents删除ID：8
2018/05/04 15:44:37  INFO StudentService:57 - deleteStudents删除ID：9
2018/05/04 15:44:37  INFO StudentService:57 - deleteStudents删除ID：10
2018/05/04 15:44:38  INFO StudentService:57 - deleteStudents删除ID：11
2018/05/04 15:44:38  INFO StudentService:57 - deleteStudents删除ID：13
2018/05/04 15:44:38  INFO StudentService:57 - deleteStudents删除ID：14
2018/05/04 15:44:38  INFO StudentService:57 - deleteStudents删除ID：15
2018/05/04 15:44:39  INFO StudentService:57 - deleteStudents删除ID：16
2018/05/04 15:44:39  INFO StudentService:57 - deleteStudents删除ID：17
2018/05/04 15:44:39  INFO StudentService:57 - deleteStudents删除ID：18
2018/05/04 15:44:39  INFO StudentService:57 - deleteStudents删除ID：19
2018/05/04 15:44:39  INFO StudentService:57 - deleteStudents删除ID：20
2018/05/04 15:44:40  INFO StudentService:57 - deleteStudents删除ID：21
2018/05/04 15:44:40  INFO StudentService:57 - deleteStudents删除ID：22
2018/05/04 15:44:40  INFO StudentService:57 - deleteStudents删除ID：23
2018/05/04 15:44:40  INFO StudentService:57 - deleteStudents删除ID：24
2018/05/04 15:44:41  INFO StudentService:57 - deleteStudents删除ID：25
2018/05/04 15:44:41  INFO StudentService:57 - deleteStudents删除ID：26
2018/05/04 15:44:41  INFO StudentService:57 - deleteStudents删除ID：27
2018/05/04 15:44:41  INFO StudentService:57 - deleteStudents删除ID：30
2018/05/04 15:44:42  INFO StudentService:57 - deleteStudents删除ID：31
2018/05/04 15:46:01  INFO ContextLoader:305 - Root WebApplicationContext: initialization started
2018/05/04 15:46:01  INFO XmlWebApplicationContext:581 - Refreshing Root WebApplicationContext: startup date [Fri May 04 15:46:01 CST 2018]; root of context hierarchy
2018/05/04 15:46:01  INFO XmlBeanDefinitionReader:317 - Loading XML bean definitions from class path resource [spring-mybatis.xml]
2018/05/04 15:46:02  WARN ClassPathMapperScanner:240 - Skipping MapperFactoryBean with name 'studentDao' and 'com.zj.dao.StudentDao' mapperInterface. Bean already defined with the same name!
2018/05/04 15:46:02  WARN ClassPathMapperScanner:240 - Skipping MapperFactoryBean with name 'userDao' and 'com.zj.dao.UserDao' mapperInterface. Bean already defined with the same name!
2018/05/04 15:46:02  WARN ClassPathMapperScanner:167 - No MyBatis mapper was found in '[com.zj.dao]' package. Please check your configuration.
2018/05/04 15:46:02  INFO PropertyPlaceholderConfigurer:172 - Loading properties file from class path resource [jdbc.properties]
2018/05/04 15:46:02  INFO AutowiredAnnotationBeanPostProcessor:155 - JSR-330 'javax.inject.Inject' annotation found and supported for autowiring
2018/05/04 15:46:03  INFO ContextLoader:345 - Root WebApplicationContext: initialization completed in 1498 ms
2018/05/04 15:46:03  INFO DispatcherServlet:489 - FrameworkServlet 'SpringMVC': initialization started
2018/05/04 15:46:03  INFO XmlWebApplicationContext:581 - Refreshing WebApplicationContext for namespace 'SpringMVC-servlet': startup date [Fri May 04 15:46:03 CST 2018]; parent: Root WebApplicationContext
2018/05/04 15:46:03  INFO XmlBeanDefinitionReader:317 - Loading XML bean definitions from class path resource [spring-mvc.xml]
2018/05/04 15:46:03  INFO DefaultListableBeanFactory:843 - Overriding bean definition for bean 'org.springframework.web.servlet.mvc.method.annotation.RequestMappingHandlerMapping' with a different definition: replacing [Root bean: class [org.springframework.web.servlet.mvc.method.annotation.RequestMappingHandlerMapping]; scope=; abstract=false; lazyInit=false; autowireMode=0; dependencyCheck=0; autowireCandidate=true; primary=false; factoryBeanName=null; factoryMethodName=null; initMethodName=null; destroyMethodName=null] with [Root bean: class [org.springframework.web.servlet.mvc.method.annotation.RequestMappingHandlerMapping]; scope=; abstract=false; lazyInit=false; autowireMode=0; dependencyCheck=0; autowireCandidate=true; primary=false; factoryBeanName=null; factoryMethodName=null; initMethodName=null; destroyMethodName=null]
2018/05/04 15:46:03  INFO DefaultListableBeanFactory:843 - Overriding bean definition for bean 'org.springframework.web.servlet.mvc.method.annotation.RequestMappingHandlerAdapter' with a different definition: replacing [Root bean: class [org.springframework.web.servlet.mvc.method.annotation.RequestMappingHandlerAdapter]; scope=; abstract=false; lazyInit=false; autowireMode=0; dependencyCheck=0; autowireCandidate=true; primary=false; factoryBeanName=null; factoryMethodName=null; initMethodName=null; destroyMethodName=null] with [Root bean: class [org.springframework.web.servlet.mvc.method.annotation.RequestMappingHandlerAdapter]; scope=; abstract=false; lazyInit=false; autowireMode=0; dependencyCheck=0; autowireCandidate=true; primary=false; factoryBeanName=null; factoryMethodName=null; initMethodName=null; destroyMethodName=null]
2018/05/04 15:46:03  INFO DefaultListableBeanFactory:843 - Overriding bean definition for bean 'mvcUriComponentsContributor' with a different definition: replacing [Root bean: class [org.springframework.web.servlet.config.AnnotationDrivenBeanDefinitionParser$CompositeUriComponentsContributorFactoryBean]; scope=; abstract=false; lazyInit=false; autowireMode=0; dependencyCheck=0; autowireCandidate=true; primary=false; factoryBeanName=null; factoryMethodName=null; initMethodName=null; destroyMethodName=null] with [Root bean: class [org.springframework.web.servlet.config.AnnotationDrivenBeanDefinitionParser$CompositeUriComponentsContributorFactoryBean]; scope=; abstract=false; lazyInit=false; autowireMode=0; dependencyCheck=0; autowireCandidate=true; primary=false; factoryBeanName=null; factoryMethodName=null; initMethodName=null; destroyMethodName=null]
2018/05/04 15:46:03  INFO AutowiredAnnotationBeanPostProcessor:155 - JSR-330 'javax.inject.Inject' annotation found and supported for autowiring
2018/05/04 15:46:04  INFO RequestMappingHandlerMapping:543 - Mapped "{[/student/add]}" onto public com.zj.result.ResultInfo com.zj.controller.StudentController.addStudent(com.zj.model.Student)
2018/05/04 15:46:04  INFO RequestMappingHandlerMapping:543 - Mapped "{[/student/addView]}" onto public java.lang.String com.zj.controller.StudentController.addView()
2018/05/04 15:46:04  INFO RequestMappingHandlerMapping:543 - Mapped "{[/student/main]}" onto public java.lang.String com.zj.controller.StudentController.findListStudent(com.zj.model.Student,org.springframework.ui.Model)
2018/05/04 15:46:04  INFO RequestMappingHandlerMapping:543 - Mapped "{[/student/delete/{id}]}" onto public java.lang.String com.zj.controller.StudentController.deleteStudent(java.lang.Integer)
2018/05/04 15:46:04  INFO RequestMappingHandlerMapping:543 - Mapped "{[/student/updateView/{id}]}" onto public java.lang.String com.zj.controller.StudentController.updateView(java.lang.Integer,org.springframework.ui.Model)
2018/05/04 15:46:04  INFO RequestMappingHandlerMapping:543 - Mapped "{[/student/update]}" onto public com.zj.result.ResultInfo com.zj.controller.StudentController.updateStudent(com.zj.model.Student,javax.servlet.http.HttpServletRequest,javax.servlet.http.HttpSession)
2018/05/04 15:46:04  INFO RequestMappingHandlerMapping:543 - Mapped "{[/user/index]}" onto public java.lang.String com.zj.controller.UserController.index(javax.servlet.http.HttpServletRequest,javax.servlet.http.HttpSession)
2018/05/04 15:46:04  INFO RequestMappingHandlerMapping:543 - Mapped "{[/user/login]}" onto public com.zj.result.ResultInfo com.zj.controller.UserController.login(com.zj.model.User,javax.servlet.http.HttpServletRequest,javax.servlet.http.HttpSession)
2018/05/04 15:46:04  INFO RequestMappingHandlerMapping:543 - Mapped "{[/user/yzm]}" onto public void com.zj.controller.UserController.sendYzm(javax.servlet.http.HttpServletRequest,javax.servlet.http.HttpServletResponse) throws java.io.IOException
2018/05/04 15:46:04  INFO RequestMappingHandlerMapping:543 - Mapped "{[/user/check]}" onto public com.zj.result.ResultInfo com.zj.controller.UserController.checkYzm(javax.servlet.http.HttpServletRequest,javax.servlet.http.HttpServletResponse)
2018/05/04 15:46:06  INFO RequestMappingHandlerAdapter:534 - Looking for @ControllerAdvice: WebApplicationContext for namespace 'SpringMVC-servlet': startup date [Fri May 04 15:46:03 CST 2018]; parent: Root WebApplicationContext
2018/05/04 15:46:06  INFO RequestMappingHandlerAdapter:547 - Detected @ModelAttribute methods in globalExceptionHandler
2018/05/04 15:46:06  INFO RequestMappingHandlerAdapter:534 - Looking for @ControllerAdvice: WebApplicationContext for namespace 'SpringMVC-servlet': startup date [Fri May 04 15:46:03 CST 2018]; parent: Root WebApplicationContext
2018/05/04 15:46:06  INFO RequestMappingHandlerAdapter:547 - Detected @ModelAttribute methods in globalExceptionHandler
2018/05/04 15:46:06  INFO ExceptionHandlerExceptionResolver:269 - Detected @ExceptionHandler methods in globalExceptionHandler
2018/05/04 15:46:06  INFO SimpleUrlHandlerMapping:354 - Mapped URL path [/**] onto handler 'org.springframework.web.servlet.resource.DefaultServletHttpRequestHandler#0'
2018/05/04 15:46:06  INFO FreeMarkerConfigurer:127 - ClassTemplateLoader for Spring macros added to FreeMarker configuration
2018/05/04 15:46:07  INFO ExceptionHandlerExceptionResolver:269 - Detected @ExceptionHandler methods in globalExceptionHandler
2018/05/04 15:46:07  INFO DispatcherServlet:508 - FrameworkServlet 'SpringMVC': initialization completed in 4071 ms
2018/05/04 17:09:51  INFO ContextLoader:305 - Root WebApplicationContext: initialization started
2018/05/04 17:09:51  INFO XmlWebApplicationContext:581 - Refreshing Root WebApplicationContext: startup date [Fri May 04 17:09:51 CST 2018]; root of context hierarchy
2018/05/04 17:09:51  INFO XmlBeanDefinitionReader:317 - Loading XML bean definitions from class path resource [spring-mybatis.xml]
2018/05/04 17:09:52  WARN ClassPathMapperScanner:240 - Skipping MapperFactoryBean with name 'studentDao' and 'com.zj.dao.StudentDao' mapperInterface. Bean already defined with the same name!
2018/05/04 17:09:52  WARN ClassPathMapperScanner:240 - Skipping MapperFactoryBean with name 'userDao' and 'com.zj.dao.UserDao' mapperInterface. Bean already defined with the same name!
2018/05/04 17:09:52  WARN ClassPathMapperScanner:167 - No MyBatis mapper was found in '[com.zj.dao]' package. Please check your configuration.
2018/05/04 17:09:52  INFO PropertyPlaceholderConfigurer:172 - Loading properties file from class path resource [jdbc.properties]
2018/05/04 17:09:52  INFO AutowiredAnnotationBeanPostProcessor:155 - JSR-330 'javax.inject.Inject' annotation found and supported for autowiring
2018/05/04 17:09:52  INFO ContextLoader:345 - Root WebApplicationContext: initialization completed in 1296 ms
2018/05/04 17:09:52  INFO DispatcherServlet:489 - FrameworkServlet 'SpringMVC': initialization started
2018/05/04 17:09:52  INFO XmlWebApplicationContext:581 - Refreshing WebApplicationContext for namespace 'SpringMVC-servlet': startup date [Fri May 04 17:09:52 CST 2018]; parent: Root WebApplicationContext
2018/05/04 17:09:52  INFO XmlBeanDefinitionReader:317 - Loading XML bean definitions from class path resource [spring-mvc.xml]
2018/05/04 17:09:53  INFO DefaultListableBeanFactory:843 - Overriding bean definition for bean 'org.springframework.web.servlet.mvc.method.annotation.RequestMappingHandlerMapping' with a different definition: replacing [Root bean: class [org.springframework.web.servlet.mvc.method.annotation.RequestMappingHandlerMapping]; scope=; abstract=false; lazyInit=false; autowireMode=0; dependencyCheck=0; autowireCandidate=true; primary=false; factoryBeanName=null; factoryMethodName=null; initMethodName=null; destroyMethodName=null] with [Root bean: class [org.springframework.web.servlet.mvc.method.annotation.RequestMappingHandlerMapping]; scope=; abstract=false; lazyInit=false; autowireMode=0; dependencyCheck=0; autowireCandidate=true; primary=false; factoryBeanName=null; factoryMethodName=null; initMethodName=null; destroyMethodName=null]
2018/05/04 17:09:53  INFO DefaultListableBeanFactory:843 - Overriding bean definition for bean 'org.springframework.web.servlet.mvc.method.annotation.RequestMappingHandlerAdapter' with a different definition: replacing [Root bean: class [org.springframework.web.servlet.mvc.method.annotation.RequestMappingHandlerAdapter]; scope=; abstract=false; lazyInit=false; autowireMode=0; dependencyCheck=0; autowireCandidate=true; primary=false; factoryBeanName=null; factoryMethodName=null; initMethodName=null; destroyMethodName=null] with [Root bean: class [org.springframework.web.servlet.mvc.method.annotation.RequestMappingHandlerAdapter]; scope=; abstract=false; lazyInit=false; autowireMode=0; dependencyCheck=0; autowireCandidate=true; primary=false; factoryBeanName=null; factoryMethodName=null; initMethodName=null; destroyMethodName=null]
2018/05/04 17:09:53  INFO DefaultListableBeanFactory:843 - Overriding bean definition for bean 'mvcUriComponentsContributor' with a different definition: replacing [Root bean: class [org.springframework.web.servlet.config.AnnotationDrivenBeanDefinitionParser$CompositeUriComponentsContributorFactoryBean]; scope=; abstract=false; lazyInit=false; autowireMode=0; dependencyCheck=0; autowireCandidate=true; primary=false; factoryBeanName=null; factoryMethodName=null; initMethodName=null; destroyMethodName=null] with [Root bean: class [org.springframework.web.servlet.config.AnnotationDrivenBeanDefinitionParser$CompositeUriComponentsContributorFactoryBean]; scope=; abstract=false; lazyInit=false; autowireMode=0; dependencyCheck=0; autowireCandidate=true; primary=false; factoryBeanName=null; factoryMethodName=null; initMethodName=null; destroyMethodName=null]
2018/05/04 17:09:53  INFO AutowiredAnnotationBeanPostProcessor:155 - JSR-330 'javax.inject.Inject' annotation found and supported for autowiring
2018/05/04 17:09:54  INFO RequestMappingHandlerMapping:543 - Mapped "{[/student/add]}" onto public com.zj.result.ResultInfo com.zj.controller.StudentController.addStudent(com.zj.model.Student)
2018/05/04 17:09:54  INFO RequestMappingHandlerMapping:543 - Mapped "{[/student/addView]}" onto public java.lang.String com.zj.controller.StudentController.addView()
2018/05/04 17:09:54  INFO RequestMappingHandlerMapping:543 - Mapped "{[/student/main]}" onto public java.lang.String com.zj.controller.StudentController.findListStudent(com.zj.model.Student,org.springframework.ui.Model)
2018/05/04 17:09:54  INFO RequestMappingHandlerMapping:543 - Mapped "{[/student/delete/{id}]}" onto public java.lang.String com.zj.controller.StudentController.deleteStudent(java.lang.Integer)
2018/05/04 17:09:54  INFO RequestMappingHandlerMapping:543 - Mapped "{[/student/updateView/{id}]}" onto public java.lang.String com.zj.controller.StudentController.updateView(java.lang.Integer,org.springframework.ui.Model)
2018/05/04 17:09:54  INFO RequestMappingHandlerMapping:543 - Mapped "{[/student/update]}" onto public com.zj.result.ResultInfo com.zj.controller.StudentController.updateStudent(com.zj.model.Student,javax.servlet.http.HttpServletRequest,javax.servlet.http.HttpSession)
2018/05/04 17:09:54  INFO RequestMappingHandlerMapping:543 - Mapped "{[/user/index]}" onto public java.lang.String com.zj.controller.UserController.index(javax.servlet.http.HttpServletRequest,javax.servlet.http.HttpSession)
2018/05/04 17:09:54  INFO RequestMappingHandlerMapping:543 - Mapped "{[/user/login]}" onto public com.zj.result.ResultInfo com.zj.controller.UserController.login(com.zj.model.User,javax.servlet.http.HttpServletRequest,javax.servlet.http.HttpSession)
2018/05/04 17:09:54  INFO RequestMappingHandlerMapping:543 - Mapped "{[/user/yzm]}" onto public void com.zj.controller.UserController.sendYzm(javax.servlet.http.HttpServletRequest,javax.servlet.http.HttpServletResponse) throws java.io.IOException
2018/05/04 17:09:54  INFO RequestMappingHandlerMapping:543 - Mapped "{[/user/check]}" onto public com.zj.result.ResultInfo com.zj.controller.UserController.checkYzm(javax.servlet.http.HttpServletRequest,javax.servlet.http.HttpServletResponse)
2018/05/04 17:09:55  INFO RequestMappingHandlerAdapter:534 - Looking for @ControllerAdvice: WebApplicationContext for namespace 'SpringMVC-servlet': startup date [Fri May 04 17:09:52 CST 2018]; parent: Root WebApplicationContext
2018/05/04 17:09:55  INFO RequestMappingHandlerAdapter:547 - Detected @ModelAttribute methods in globalExceptionHandler
2018/05/04 17:09:55  INFO RequestMappingHandlerAdapter:534 - Looking for @ControllerAdvice: WebApplicationContext for namespace 'SpringMVC-servlet': startup date [Fri May 04 17:09:52 CST 2018]; parent: Root WebApplicationContext
2018/05/04 17:09:55  INFO RequestMappingHandlerAdapter:547 - Detected @ModelAttribute methods in globalExceptionHandler
2018/05/04 17:09:55  INFO ExceptionHandlerExceptionResolver:269 - Detected @ExceptionHandler methods in globalExceptionHandler
2018/05/04 17:09:55  INFO SimpleUrlHandlerMapping:354 - Mapped URL path [/**] onto handler 'org.springframework.web.servlet.resource.DefaultServletHttpRequestHandler#0'
2018/05/04 17:09:55  INFO FreeMarkerConfigurer:127 - ClassTemplateLoader for Spring macros added to FreeMarker configuration
2018/05/04 17:09:56  INFO ExceptionHandlerExceptionResolver:269 - Detected @ExceptionHandler methods in globalExceptionHandler
2018/05/04 17:09:56  INFO DispatcherServlet:508 - FrameworkServlet 'SpringMVC': initialization completed in 3183 ms
2018/05/04 17:12:22  INFO StudentService:62 - findStudentById寻找ID：2
2018/05/04 17:15:10  INFO StudentService:62 - findStudentById寻找ID：2
2018/05/04 17:15:50  INFO StudentService:62 - findStudentById寻找ID：2
