2018/05/07 09:13:16  INFO ContextLoader:305 - Root WebApplicationContext: initialization started
2018/05/07 09:13:16  INFO XmlWebApplicationContext:581 - Refreshing Root WebApplicationContext: startup date [Mon May 07 09:13:16 CST 2018]; root of context hierarchy
2018/05/07 09:13:16  INFO XmlBeanDefinitionReader:317 - Loading XML bean definitions from class path resource [spring-mybatis.xml]
2018/05/07 09:13:17  WARN ClassPathMapperScanner:240 - Skipping MapperFactoryBean with name 'studentDao' and 'com.zj.dao.StudentDao' mapperInterface. Bean already defined with the same name!
2018/05/07 09:13:17  WARN ClassPathMapperScanner:240 - Skipping MapperFactoryBean with name 'userDao' and 'com.zj.dao.UserDao' mapperInterface. Bean already defined with the same name!
2018/05/07 09:13:17  WARN ClassPathMapperScanner:167 - No MyBatis mapper was found in '[com.zj.dao]' package. Please check your configuration.
2018/05/07 09:13:17  INFO PropertyPlaceholderConfigurer:172 - Loading properties file from class path resource [jdbc.properties]
2018/05/07 09:13:17  INFO AutowiredAnnotationBeanPostProcessor:155 - JSR-330 'javax.inject.Inject' annotation found and supported for autowiring
2018/05/07 09:13:18  INFO ContextLoader:345 - Root WebApplicationContext: initialization completed in 2216 ms
2018/05/07 09:13:19  INFO DispatcherServlet:489 - FrameworkServlet 'SpringMVC': initialization started
2018/05/07 09:13:19  INFO XmlWebApplicationContext:581 - Refreshing WebApplicationContext for namespace 'SpringMVC-servlet': startup date [Mon May 07 09:13:19 CST 2018]; parent: Root WebApplicationContext
2018/05/07 09:13:19  INFO XmlBeanDefinitionReader:317 - Loading XML bean definitions from class path resource [spring-mvc.xml]
2018/05/07 09:13:19  INFO DefaultListableBeanFactory:843 - Overriding bean definition for bean 'org.springframework.web.servlet.mvc.method.annotation.RequestMappingHandlerMapping' with a different definition: replacing [Root bean: class [org.springframework.web.servlet.mvc.method.annotation.RequestMappingHandlerMapping]; scope=; abstract=false; lazyInit=false; autowireMode=0; dependencyCheck=0; autowireCandidate=true; primary=false; factoryBeanName=null; factoryMethodName=null; initMethodName=null; destroyMethodName=null] with [Root bean: class [org.springframework.web.servlet.mvc.method.annotation.RequestMappingHandlerMapping]; scope=; abstract=false; lazyInit=false; autowireMode=0; dependencyCheck=0; autowireCandidate=true; primary=false; factoryBeanName=null; factoryMethodName=null; initMethodName=null; destroyMethodName=null]
2018/05/07 09:13:19  INFO DefaultListableBeanFactory:843 - Overriding bean definition for bean 'org.springframework.web.servlet.mvc.method.annotation.RequestMappingHandlerAdapter' with a different definition: replacing [Root bean: class [org.springframework.web.servlet.mvc.method.annotation.RequestMappingHandlerAdapter]; scope=; abstract=false; lazyInit=false; autowireMode=0; dependencyCheck=0; autowireCandidate=true; primary=false; factoryBeanName=null; factoryMethodName=null; initMethodName=null; destroyMethodName=null] with [Root bean: class [org.springframework.web.servlet.mvc.method.annotation.RequestMappingHandlerAdapter]; scope=; abstract=false; lazyInit=false; autowireMode=0; dependencyCheck=0; autowireCandidate=true; primary=false; factoryBeanName=null; factoryMethodName=null; initMethodName=null; destroyMethodName=null]
2018/05/07 09:13:19  INFO DefaultListableBeanFactory:843 - Overriding bean definition for bean 'mvcUriComponentsContributor' with a different definition: replacing [Root bean: class [org.springframework.web.servlet.config.AnnotationDrivenBeanDefinitionParser$CompositeUriComponentsContributorFactoryBean]; scope=; abstract=false; lazyInit=false; autowireMode=0; dependencyCheck=0; autowireCandidate=true; primary=false; factoryBeanName=null; factoryMethodName=null; initMethodName=null; destroyMethodName=null] with [Root bean: class [org.springframework.web.servlet.config.AnnotationDrivenBeanDefinitionParser$CompositeUriComponentsContributorFactoryBean]; scope=; abstract=false; lazyInit=false; autowireMode=0; dependencyCheck=0; autowireCandidate=true; primary=false; factoryBeanName=null; factoryMethodName=null; initMethodName=null; destroyMethodName=null]
2018/05/07 09:13:19  INFO AutowiredAnnotationBeanPostProcessor:155 - JSR-330 'javax.inject.Inject' annotation found and supported for autowiring
2018/05/07 09:13:20  INFO RequestMappingHandlerMapping:543 - Mapped "{[/student/add]}" onto public com.zj.result.ResultInfo com.zj.controller.StudentController.addStudent(com.zj.model.Student)
2018/05/07 09:13:20  INFO RequestMappingHandlerMapping:543 - Mapped "{[/student/addView]}" onto public java.lang.String com.zj.controller.StudentController.addView()
2018/05/07 09:13:20  INFO RequestMappingHandlerMapping:543 - Mapped "{[/student/main]}" onto public java.lang.String com.zj.controller.StudentController.findListStudent(com.zj.model.Student,org.springframework.ui.Model)
2018/05/07 09:13:20  INFO RequestMappingHandlerMapping:543 - Mapped "{[/student/delete/{id}]}" onto public java.lang.String com.zj.controller.StudentController.deleteStudent(java.lang.Integer)
2018/05/07 09:13:20  INFO RequestMappingHandlerMapping:543 - Mapped "{[/student/updateView/{id}]}" onto public java.lang.String com.zj.controller.StudentController.updateView(java.lang.Integer,org.springframework.ui.Model)
2018/05/07 09:13:20  INFO RequestMappingHandlerMapping:543 - Mapped "{[/student/update]}" onto public com.zj.result.ResultInfo com.zj.controller.StudentController.updateStudent(com.zj.model.Student,javax.servlet.http.HttpServletRequest,javax.servlet.http.HttpSession)
2018/05/07 09:13:20  INFO RequestMappingHandlerMapping:543 - Mapped "{[/user/index]}" onto public java.lang.String com.zj.controller.UserController.index(javax.servlet.http.HttpServletRequest,javax.servlet.http.HttpSession)
2018/05/07 09:13:20  INFO RequestMappingHandlerMapping:543 - Mapped "{[/user/login]}" onto public com.zj.result.ResultInfo com.zj.controller.UserController.login(com.zj.model.User,javax.servlet.http.HttpServletRequest,javax.servlet.http.HttpSession)
2018/05/07 09:13:20  INFO RequestMappingHandlerMapping:543 - Mapped "{[/user/yzm]}" onto public void com.zj.controller.UserController.sendYzm(javax.servlet.http.HttpServletRequest,javax.servlet.http.HttpServletResponse) throws java.io.IOException
2018/05/07 09:13:20  INFO RequestMappingHandlerMapping:543 - Mapped "{[/user/check]}" onto public com.zj.result.ResultInfo com.zj.controller.UserController.checkYzm(javax.servlet.http.HttpServletRequest,javax.servlet.http.HttpServletResponse)
2018/05/07 09:13:22  INFO RequestMappingHandlerAdapter:534 - Looking for @ControllerAdvice: WebApplicationContext for namespace 'SpringMVC-servlet': startup date [Mon May 07 09:13:19 CST 2018]; parent: Root WebApplicationContext
2018/05/07 09:13:22  INFO RequestMappingHandlerAdapter:547 - Detected @ModelAttribute methods in globalExceptionHandler
2018/05/07 09:13:22  INFO RequestMappingHandlerAdapter:534 - Looking for @ControllerAdvice: WebApplicationContext for namespace 'SpringMVC-servlet': startup date [Mon May 07 09:13:19 CST 2018]; parent: Root WebApplicationContext
2018/05/07 09:13:22  INFO RequestMappingHandlerAdapter:547 - Detected @ModelAttribute methods in globalExceptionHandler
2018/05/07 09:13:22  INFO ExceptionHandlerExceptionResolver:269 - Detected @ExceptionHandler methods in globalExceptionHandler
2018/05/07 09:13:22  INFO SimpleUrlHandlerMapping:354 - Mapped URL path [/**] onto handler 'org.springframework.web.servlet.resource.DefaultServletHttpRequestHandler#0'
2018/05/07 09:13:22  INFO FreeMarkerConfigurer:127 - ClassTemplateLoader for Spring macros added to FreeMarker configuration
2018/05/07 09:13:22  INFO ExceptionHandlerExceptionResolver:269 - Detected @ExceptionHandler methods in globalExceptionHandler
2018/05/07 09:13:22  INFO DispatcherServlet:508 - FrameworkServlet 'SpringMVC': initialization completed in 3835 ms
2018/05/07 09:32:08  INFO XmlBeanDefinitionReader:317 - Loading XML bean definitions from class path resource [org/springframework/jdbc/support/sql-error-codes.xml]
2018/05/07 09:32:08  INFO SQLErrorCodesFactory:126 - SQLErrorCodes loaded: [DB2, Derby, H2, HSQL, Informix, MS-SQL, MySQL, Oracle, PostgreSQL, Sybase, Hana]
2018/05/07 10:03:51  INFO ContextLoader:305 - Root WebApplicationContext: initialization started
2018/05/07 10:03:52  INFO XmlWebApplicationContext:581 - Refreshing Root WebApplicationContext: startup date [Mon May 07 10:03:52 CST 2018]; root of context hierarchy
2018/05/07 10:03:52  INFO XmlBeanDefinitionReader:317 - Loading XML bean definitions from class path resource [spring-mybatis.xml]
2018/05/07 10:03:53  WARN ClassPathMapperScanner:240 - Skipping MapperFactoryBean with name 'studentDao' and 'com.zj.dao.StudentDao' mapperInterface. Bean already defined with the same name!
2018/05/07 10:03:53  WARN ClassPathMapperScanner:240 - Skipping MapperFactoryBean with name 'userDao' and 'com.zj.dao.UserDao' mapperInterface. Bean already defined with the same name!
2018/05/07 10:03:53  WARN ClassPathMapperScanner:167 - No MyBatis mapper was found in '[com.zj.dao]' package. Please check your configuration.
2018/05/07 10:03:53  INFO PropertyPlaceholderConfigurer:172 - Loading properties file from class path resource [jdbc.properties]
2018/05/07 10:03:53  INFO AutowiredAnnotationBeanPostProcessor:155 - JSR-330 'javax.inject.Inject' annotation found and supported for autowiring
2018/05/07 10:03:54  INFO ContextLoader:345 - Root WebApplicationContext: initialization completed in 2221 ms
2018/05/07 10:03:54  INFO DispatcherServlet:489 - FrameworkServlet 'SpringMVC': initialization started
2018/05/07 10:03:54  INFO XmlWebApplicationContext:581 - Refreshing WebApplicationContext for namespace 'SpringMVC-servlet': startup date [Mon May 07 10:03:54 CST 2018]; parent: Root WebApplicationContext
2018/05/07 10:03:54  INFO XmlBeanDefinitionReader:317 - Loading XML bean definitions from class path resource [spring-mvc.xml]
2018/05/07 10:03:54  INFO DefaultListableBeanFactory:843 - Overriding bean definition for bean 'org.springframework.web.servlet.mvc.method.annotation.RequestMappingHandlerMapping' with a different definition: replacing [Root bean: class [org.springframework.web.servlet.mvc.method.annotation.RequestMappingHandlerMapping]; scope=; abstract=false; lazyInit=false; autowireMode=0; dependencyCheck=0; autowireCandidate=true; primary=false; factoryBeanName=null; factoryMethodName=null; initMethodName=null; destroyMethodName=null] with [Root bean: class [org.springframework.web.servlet.mvc.method.annotation.RequestMappingHandlerMapping]; scope=; abstract=false; lazyInit=false; autowireMode=0; dependencyCheck=0; autowireCandidate=true; primary=false; factoryBeanName=null; factoryMethodName=null; initMethodName=null; destroyMethodName=null]
2018/05/07 10:03:54  INFO DefaultListableBeanFactory:843 - Overriding bean definition for bean 'org.springframework.web.servlet.mvc.method.annotation.RequestMappingHandlerAdapter' with a different definition: replacing [Root bean: class [org.springframework.web.servlet.mvc.method.annotation.RequestMappingHandlerAdapter]; scope=; abstract=false; lazyInit=false; autowireMode=0; dependencyCheck=0; autowireCandidate=true; primary=false; factoryBeanName=null; factoryMethodName=null; initMethodName=null; destroyMethodName=null] with [Root bean: class [org.springframework.web.servlet.mvc.method.annotation.RequestMappingHandlerAdapter]; scope=; abstract=false; lazyInit=false; autowireMode=0; dependencyCheck=0; autowireCandidate=true; primary=false; factoryBeanName=null; factoryMethodName=null; initMethodName=null; destroyMethodName=null]
2018/05/07 10:03:54  INFO DefaultListableBeanFactory:843 - Overriding bean definition for bean 'mvcUriComponentsContributor' with a different definition: replacing [Root bean: class [org.springframework.web.servlet.config.AnnotationDrivenBeanDefinitionParser$CompositeUriComponentsContributorFactoryBean]; scope=; abstract=false; lazyInit=false; autowireMode=0; dependencyCheck=0; autowireCandidate=true; primary=false; factoryBeanName=null; factoryMethodName=null; initMethodName=null; destroyMethodName=null] with [Root bean: class [org.springframework.web.servlet.config.AnnotationDrivenBeanDefinitionParser$CompositeUriComponentsContributorFactoryBean]; scope=; abstract=false; lazyInit=false; autowireMode=0; dependencyCheck=0; autowireCandidate=true; primary=false; factoryBeanName=null; factoryMethodName=null; initMethodName=null; destroyMethodName=null]
2018/05/07 10:03:54  INFO AutowiredAnnotationBeanPostProcessor:155 - JSR-330 'javax.inject.Inject' annotation found and supported for autowiring
2018/05/07 10:03:55  INFO RequestMappingHandlerMapping:543 - Mapped "{[/student/add]}" onto public com.zj.result.ResultInfo com.zj.controller.StudentController.addStudent(com.zj.model.Student)
2018/05/07 10:03:55  INFO RequestMappingHandlerMapping:543 - Mapped "{[/student/addView]}" onto public java.lang.String com.zj.controller.StudentController.addView()
2018/05/07 10:03:55  INFO RequestMappingHandlerMapping:543 - Mapped "{[/student/main]}" onto public java.lang.String com.zj.controller.StudentController.findListStudent(com.zj.model.Student,org.springframework.ui.Model)
2018/05/07 10:03:55  INFO RequestMappingHandlerMapping:543 - Mapped "{[/student/delete/{id}&{uid}]}" onto public java.lang.String com.zj.controller.StudentController.deleteStudent(java.lang.Integer,java.lang.Integer)
2018/05/07 10:03:55  INFO RequestMappingHandlerMapping:543 - Mapped "{[/student/updateView/{id}]}" onto public java.lang.String com.zj.controller.StudentController.updateView(java.lang.Integer,java.lang.Integer,org.springframework.ui.Model)
2018/05/07 10:03:55  INFO RequestMappingHandlerMapping:543 - Mapped "{[/student/update]}" onto public com.zj.result.ResultInfo com.zj.controller.StudentController.updateStudent(com.zj.model.Student,javax.servlet.http.HttpServletRequest,javax.servlet.http.HttpSession)
2018/05/07 10:03:55  INFO RequestMappingHandlerMapping:543 - Mapped "{[/user/index]}" onto public java.lang.String com.zj.controller.UserController.index(javax.servlet.http.HttpServletRequest,javax.servlet.http.HttpSession)
2018/05/07 10:03:55  INFO RequestMappingHandlerMapping:543 - Mapped "{[/user/login]}" onto public com.zj.result.ResultInfo com.zj.controller.UserController.login(com.zj.model.User,javax.servlet.http.HttpServletRequest,javax.servlet.http.HttpSession)
2018/05/07 10:03:55  INFO RequestMappingHandlerMapping:543 - Mapped "{[/user/yzm]}" onto public void com.zj.controller.UserController.sendYzm(javax.servlet.http.HttpServletRequest,javax.servlet.http.HttpServletResponse) throws java.io.IOException
2018/05/07 10:03:55  INFO RequestMappingHandlerMapping:543 - Mapped "{[/user/check]}" onto public com.zj.result.ResultInfo com.zj.controller.UserController.checkYzm(javax.servlet.http.HttpServletRequest,javax.servlet.http.HttpServletResponse)
2018/05/07 10:03:57  INFO RequestMappingHandlerAdapter:534 - Looking for @ControllerAdvice: WebApplicationContext for namespace 'SpringMVC-servlet': startup date [Mon May 07 10:03:54 CST 2018]; parent: Root WebApplicationContext
2018/05/07 10:03:57  INFO RequestMappingHandlerAdapter:547 - Detected @ModelAttribute methods in globalExceptionHandler
2018/05/07 10:03:57  INFO RequestMappingHandlerAdapter:534 - Looking for @ControllerAdvice: WebApplicationContext for namespace 'SpringMVC-servlet': startup date [Mon May 07 10:03:54 CST 2018]; parent: Root WebApplicationContext
2018/05/07 10:03:57  INFO RequestMappingHandlerAdapter:547 - Detected @ModelAttribute methods in globalExceptionHandler
2018/05/07 10:03:57  INFO ExceptionHandlerExceptionResolver:269 - Detected @ExceptionHandler methods in globalExceptionHandler
2018/05/07 10:03:57  INFO SimpleUrlHandlerMapping:354 - Mapped URL path [/**] onto handler 'org.springframework.web.servlet.resource.DefaultServletHttpRequestHandler#0'
2018/05/07 10:03:57  INFO FreeMarkerConfigurer:127 - ClassTemplateLoader for Spring macros added to FreeMarker configuration
2018/05/07 10:03:57  INFO ExceptionHandlerExceptionResolver:269 - Detected @ExceptionHandler methods in globalExceptionHandler
2018/05/07 10:03:58  INFO DispatcherServlet:508 - FrameworkServlet 'SpringMVC': initialization completed in 3712 ms
2018/05/07 10:05:24  INFO UserService:20 - 用户登录：User{userId=null, userName='1', userPassword='1', uid=null}
2018/05/07 10:05:54  INFO StudentService:57 - deleteStudents删除ID：32
2018/05/07 10:11:08  INFO StudentService:27 - addStudent入参：com.zj.result.ResultInfo@3d9e1567
2018/05/07 10:11:09  INFO XmlBeanDefinitionReader:317 - Loading XML bean definitions from class path resource [org/springframework/jdbc/support/sql-error-codes.xml]
2018/05/07 10:11:09  INFO SQLErrorCodesFactory:126 - SQLErrorCodes loaded: [DB2, Derby, H2, HSQL, Informix, MS-SQL, MySQL, Oracle, PostgreSQL, Sybase, Hana]
2018/05/07 10:14:33  INFO ContextLoader:305 - Root WebApplicationContext: initialization started
2018/05/07 10:14:33  INFO XmlWebApplicationContext:581 - Refreshing Root WebApplicationContext: startup date [Mon May 07 10:14:33 CST 2018]; root of context hierarchy
2018/05/07 10:14:33  INFO XmlBeanDefinitionReader:317 - Loading XML bean definitions from class path resource [spring-mybatis.xml]
2018/05/07 10:14:34  WARN ClassPathMapperScanner:240 - Skipping MapperFactoryBean with name 'studentDao' and 'com.zj.dao.StudentDao' mapperInterface. Bean already defined with the same name!
2018/05/07 10:14:34  WARN ClassPathMapperScanner:240 - Skipping MapperFactoryBean with name 'userDao' and 'com.zj.dao.UserDao' mapperInterface. Bean already defined with the same name!
2018/05/07 10:14:34  WARN ClassPathMapperScanner:167 - No MyBatis mapper was found in '[com.zj.dao]' package. Please check your configuration.
2018/05/07 10:14:34  INFO PropertyPlaceholderConfigurer:172 - Loading properties file from class path resource [jdbc.properties]
2018/05/07 10:14:34  INFO AutowiredAnnotationBeanPostProcessor:155 - JSR-330 'javax.inject.Inject' annotation found and supported for autowiring
2018/05/07 10:14:35  INFO ContextLoader:345 - Root WebApplicationContext: initialization completed in 2338 ms
2018/05/07 10:14:35  INFO DispatcherServlet:489 - FrameworkServlet 'SpringMVC': initialization started
2018/05/07 10:14:35  INFO XmlWebApplicationContext:581 - Refreshing WebApplicationContext for namespace 'SpringMVC-servlet': startup date [Mon May 07 10:14:35 CST 2018]; parent: Root WebApplicationContext
2018/05/07 10:14:35  INFO XmlBeanDefinitionReader:317 - Loading XML bean definitions from class path resource [spring-mvc.xml]
2018/05/07 10:14:35  INFO DefaultListableBeanFactory:843 - Overriding bean definition for bean 'org.springframework.web.servlet.mvc.method.annotation.RequestMappingHandlerMapping' with a different definition: replacing [Root bean: class [org.springframework.web.servlet.mvc.method.annotation.RequestMappingHandlerMapping]; scope=; abstract=false; lazyInit=false; autowireMode=0; dependencyCheck=0; autowireCandidate=true; primary=false; factoryBeanName=null; factoryMethodName=null; initMethodName=null; destroyMethodName=null] with [Root bean: class [org.springframework.web.servlet.mvc.method.annotation.RequestMappingHandlerMapping]; scope=; abstract=false; lazyInit=false; autowireMode=0; dependencyCheck=0; autowireCandidate=true; primary=false; factoryBeanName=null; factoryMethodName=null; initMethodName=null; destroyMethodName=null]
2018/05/07 10:14:35  INFO DefaultListableBeanFactory:843 - Overriding bean definition for bean 'org.springframework.web.servlet.mvc.method.annotation.RequestMappingHandlerAdapter' with a different definition: replacing [Root bean: class [org.springframework.web.servlet.mvc.method.annotation.RequestMappingHandlerAdapter]; scope=; abstract=false; lazyInit=false; autowireMode=0; dependencyCheck=0; autowireCandidate=true; primary=false; factoryBeanName=null; factoryMethodName=null; initMethodName=null; destroyMethodName=null] with [Root bean: class [org.springframework.web.servlet.mvc.method.annotation.RequestMappingHandlerAdapter]; scope=; abstract=false; lazyInit=false; autowireMode=0; dependencyCheck=0; autowireCandidate=true; primary=false; factoryBeanName=null; factoryMethodName=null; initMethodName=null; destroyMethodName=null]
2018/05/07 10:14:35  INFO DefaultListableBeanFactory:843 - Overriding bean definition for bean 'mvcUriComponentsContributor' with a different definition: replacing [Root bean: class [org.springframework.web.servlet.config.AnnotationDrivenBeanDefinitionParser$CompositeUriComponentsContributorFactoryBean]; scope=; abstract=false; lazyInit=false; autowireMode=0; dependencyCheck=0; autowireCandidate=true; primary=false; factoryBeanName=null; factoryMethodName=null; initMethodName=null; destroyMethodName=null] with [Root bean: class [org.springframework.web.servlet.config.AnnotationDrivenBeanDefinitionParser$CompositeUriComponentsContributorFactoryBean]; scope=; abstract=false; lazyInit=false; autowireMode=0; dependencyCheck=0; autowireCandidate=true; primary=false; factoryBeanName=null; factoryMethodName=null; initMethodName=null; destroyMethodName=null]
2018/05/07 10:14:35  INFO AutowiredAnnotationBeanPostProcessor:155 - JSR-330 'javax.inject.Inject' annotation found and supported for autowiring
2018/05/07 10:14:37  INFO RequestMappingHandlerMapping:543 - Mapped "{[/student/add/{uid}]}" onto public com.zj.result.ResultInfo com.zj.controller.StudentController.addStudent(java.lang.Integer,com.zj.model.Student)
2018/05/07 10:14:37  INFO RequestMappingHandlerMapping:543 - Mapped "{[/student/addView]}" onto public java.lang.String com.zj.controller.StudentController.addView()
2018/05/07 10:14:37  INFO RequestMappingHandlerMapping:543 - Mapped "{[/student/main]}" onto public java.lang.String com.zj.controller.StudentController.findListStudent(com.zj.model.Student,org.springframework.ui.Model)
2018/05/07 10:14:37  INFO RequestMappingHandlerMapping:543 - Mapped "{[/student/delete/{id}&{uid}]}" onto public java.lang.String com.zj.controller.StudentController.deleteStudent(java.lang.Integer,java.lang.Integer)
2018/05/07 10:14:37  INFO RequestMappingHandlerMapping:543 - Mapped "{[/student/updateView/{id}]}" onto public java.lang.String com.zj.controller.StudentController.updateView(java.lang.Integer,java.lang.Integer,org.springframework.ui.Model)
2018/05/07 10:14:37  INFO RequestMappingHandlerMapping:543 - Mapped "{[/student/update]}" onto public com.zj.result.ResultInfo com.zj.controller.StudentController.updateStudent(com.zj.model.Student,javax.servlet.http.HttpServletRequest,javax.servlet.http.HttpSession)
2018/05/07 10:14:37  INFO RequestMappingHandlerMapping:543 - Mapped "{[/user/index]}" onto public java.lang.String com.zj.controller.UserController.index(javax.servlet.http.HttpServletRequest,javax.servlet.http.HttpSession)
2018/05/07 10:14:37  INFO RequestMappingHandlerMapping:543 - Mapped "{[/user/yzm]}" onto public void com.zj.controller.UserController.sendYzm(javax.servlet.http.HttpServletRequest,javax.servlet.http.HttpServletResponse) throws java.io.IOException
2018/05/07 10:14:37  INFO RequestMappingHandlerMapping:543 - Mapped "{[/user/check]}" onto public com.zj.result.ResultInfo com.zj.controller.UserController.checkYzm(javax.servlet.http.HttpServletRequest,javax.servlet.http.HttpServletResponse)
2018/05/07 10:14:37  INFO RequestMappingHandlerMapping:543 - Mapped "{[/user/login]}" onto public com.zj.result.ResultInfo com.zj.controller.UserController.login(com.zj.model.User,javax.servlet.http.HttpServletRequest,javax.servlet.http.HttpSession)
2018/05/07 10:14:38  INFO RequestMappingHandlerAdapter:534 - Looking for @ControllerAdvice: WebApplicationContext for namespace 'SpringMVC-servlet': startup date [Mon May 07 10:14:35 CST 2018]; parent: Root WebApplicationContext
2018/05/07 10:14:38  INFO RequestMappingHandlerAdapter:547 - Detected @ModelAttribute methods in globalExceptionHandler
2018/05/07 10:14:38  INFO RequestMappingHandlerAdapter:534 - Looking for @ControllerAdvice: WebApplicationContext for namespace 'SpringMVC-servlet': startup date [Mon May 07 10:14:35 CST 2018]; parent: Root WebApplicationContext
2018/05/07 10:14:38  INFO RequestMappingHandlerAdapter:547 - Detected @ModelAttribute methods in globalExceptionHandler
2018/05/07 10:14:38  INFO ExceptionHandlerExceptionResolver:269 - Detected @ExceptionHandler methods in globalExceptionHandler
2018/05/07 10:14:38  INFO SimpleUrlHandlerMapping:354 - Mapped URL path [/**] onto handler 'org.springframework.web.servlet.resource.DefaultServletHttpRequestHandler#0'
2018/05/07 10:14:38  INFO FreeMarkerConfigurer:127 - ClassTemplateLoader for Spring macros added to FreeMarker configuration
2018/05/07 10:14:39  INFO ExceptionHandlerExceptionResolver:269 - Detected @ExceptionHandler methods in globalExceptionHandler
2018/05/07 10:14:39  INFO DispatcherServlet:508 - FrameworkServlet 'SpringMVC': initialization completed in 3452 ms
2018/05/07 10:33:30  INFO UserService:20 - 用户登录：User{userId=null, userName='1', userPassword='1', uid=null}
2018/05/07 10:35:38  INFO ContextLoader:305 - Root WebApplicationContext: initialization started
2018/05/07 10:35:39  INFO XmlWebApplicationContext:581 - Refreshing Root WebApplicationContext: startup date [Mon May 07 10:35:39 CST 2018]; root of context hierarchy
2018/05/07 10:35:39  INFO XmlBeanDefinitionReader:317 - Loading XML bean definitions from class path resource [spring-mybatis.xml]
2018/05/07 10:35:42  WARN ClassPathMapperScanner:240 - Skipping MapperFactoryBean with name 'studentDao' and 'com.zj.dao.StudentDao' mapperInterface. Bean already defined with the same name!
2018/05/07 10:35:42  WARN ClassPathMapperScanner:240 - Skipping MapperFactoryBean with name 'userDao' and 'com.zj.dao.UserDao' mapperInterface. Bean already defined with the same name!
2018/05/07 10:35:42  WARN ClassPathMapperScanner:167 - No MyBatis mapper was found in '[com.zj.dao]' package. Please check your configuration.
2018/05/07 10:35:42  INFO PropertyPlaceholderConfigurer:172 - Loading properties file from class path resource [jdbc.properties]
2018/05/07 10:35:42  INFO AutowiredAnnotationBeanPostProcessor:155 - JSR-330 'javax.inject.Inject' annotation found and supported for autowiring
2018/05/07 10:35:46  INFO ContextLoader:345 - Root WebApplicationContext: initialization completed in 7973 ms
2018/05/07 10:35:46  INFO DispatcherServlet:489 - FrameworkServlet 'SpringMVC': initialization started
2018/05/07 10:35:46  INFO XmlWebApplicationContext:581 - Refreshing WebApplicationContext for namespace 'SpringMVC-servlet': startup date [Mon May 07 10:35:46 CST 2018]; parent: Root WebApplicationContext
2018/05/07 10:35:46  INFO XmlBeanDefinitionReader:317 - Loading XML bean definitions from class path resource [spring-mvc.xml]
2018/05/07 10:35:46  INFO DefaultListableBeanFactory:843 - Overriding bean definition for bean 'org.springframework.web.servlet.mvc.method.annotation.RequestMappingHandlerMapping' with a different definition: replacing [Root bean: class [org.springframework.web.servlet.mvc.method.annotation.RequestMappingHandlerMapping]; scope=; abstract=false; lazyInit=false; autowireMode=0; dependencyCheck=0; autowireCandidate=true; primary=false; factoryBeanName=null; factoryMethodName=null; initMethodName=null; destroyMethodName=null] with [Root bean: class [org.springframework.web.servlet.mvc.method.annotation.RequestMappingHandlerMapping]; scope=; abstract=false; lazyInit=false; autowireMode=0; dependencyCheck=0; autowireCandidate=true; primary=false; factoryBeanName=null; factoryMethodName=null; initMethodName=null; destroyMethodName=null]
2018/05/07 10:35:46  INFO DefaultListableBeanFactory:843 - Overriding bean definition for bean 'org.springframework.web.servlet.mvc.method.annotation.RequestMappingHandlerAdapter' with a different definition: replacing [Root bean: class [org.springframework.web.servlet.mvc.method.annotation.RequestMappingHandlerAdapter]; scope=; abstract=false; lazyInit=false; autowireMode=0; dependencyCheck=0; autowireCandidate=true; primary=false; factoryBeanName=null; factoryMethodName=null; initMethodName=null; destroyMethodName=null] with [Root bean: class [org.springframework.web.servlet.mvc.method.annotation.RequestMappingHandlerAdapter]; scope=; abstract=false; lazyInit=false; autowireMode=0; dependencyCheck=0; autowireCandidate=true; primary=false; factoryBeanName=null; factoryMethodName=null; initMethodName=null; destroyMethodName=null]
2018/05/07 10:35:46  INFO DefaultListableBeanFactory:843 - Overriding bean definition for bean 'mvcUriComponentsContributor' with a different definition: replacing [Root bean: class [org.springframework.web.servlet.config.AnnotationDrivenBeanDefinitionParser$CompositeUriComponentsContributorFactoryBean]; scope=; abstract=false; lazyInit=false; autowireMode=0; dependencyCheck=0; autowireCandidate=true; primary=false; factoryBeanName=null; factoryMethodName=null; initMethodName=null; destroyMethodName=null] with [Root bean: class [org.springframework.web.servlet.config.AnnotationDrivenBeanDefinitionParser$CompositeUriComponentsContributorFactoryBean]; scope=; abstract=false; lazyInit=false; autowireMode=0; dependencyCheck=0; autowireCandidate=true; primary=false; factoryBeanName=null; factoryMethodName=null; initMethodName=null; destroyMethodName=null]
2018/05/07 10:35:46  INFO AutowiredAnnotationBeanPostProcessor:155 - JSR-330 'javax.inject.Inject' annotation found and supported for autowiring
2018/05/07 10:35:49  INFO RequestMappingHandlerMapping:543 - Mapped "{[/student/add/{uid}]}" onto public com.zj.result.ResultInfo com.zj.controller.StudentController.addStudent(java.lang.Integer,com.zj.model.Student)
2018/05/07 10:35:49  INFO RequestMappingHandlerMapping:543 - Mapped "{[/student/addView/{uid}]}" onto public java.lang.String com.zj.controller.StudentController.addView()
2018/05/07 10:35:49  INFO RequestMappingHandlerMapping:543 - Mapped "{[/student/main]}" onto public java.lang.String com.zj.controller.StudentController.findListStudent(com.zj.model.Student,org.springframework.ui.Model)
2018/05/07 10:35:49  INFO RequestMappingHandlerMapping:543 - Mapped "{[/student/delete/{id}&{uid}]}" onto public java.lang.String com.zj.controller.StudentController.deleteStudent(java.lang.Integer,java.lang.Integer)
2018/05/07 10:35:49  INFO RequestMappingHandlerMapping:543 - Mapped "{[/student/updateView/{id}]}" onto public java.lang.String com.zj.controller.StudentController.updateView(java.lang.Integer,java.lang.Integer,org.springframework.ui.Model)
2018/05/07 10:35:49  INFO RequestMappingHandlerMapping:543 - Mapped "{[/student/update]}" onto public com.zj.result.ResultInfo com.zj.controller.StudentController.updateStudent(com.zj.model.Student,javax.servlet.http.HttpServletRequest,javax.servlet.http.HttpSession)
2018/05/07 10:35:49  INFO RequestMappingHandlerMapping:543 - Mapped "{[/user/index]}" onto public java.lang.String com.zj.controller.UserController.index(javax.servlet.http.HttpServletRequest,javax.servlet.http.HttpSession)
2018/05/07 10:35:49  INFO RequestMappingHandlerMapping:543 - Mapped "{[/user/login]}" onto public com.zj.result.ResultInfo com.zj.controller.UserController.login(com.zj.model.User,javax.servlet.http.HttpServletRequest,javax.servlet.http.HttpSession)
2018/05/07 10:35:49  INFO RequestMappingHandlerMapping:543 - Mapped "{[/user/yzm]}" onto public void com.zj.controller.UserController.sendYzm(javax.servlet.http.HttpServletRequest,javax.servlet.http.HttpServletResponse) throws java.io.IOException
2018/05/07 10:35:49  INFO RequestMappingHandlerMapping:543 - Mapped "{[/user/check]}" onto public com.zj.result.ResultInfo com.zj.controller.UserController.checkYzm(javax.servlet.http.HttpServletRequest,javax.servlet.http.HttpServletResponse)
2018/05/07 10:35:52  INFO RequestMappingHandlerAdapter:534 - Looking for @ControllerAdvice: WebApplicationContext for namespace 'SpringMVC-servlet': startup date [Mon May 07 10:35:46 CST 2018]; parent: Root WebApplicationContext
2018/05/07 10:35:52  INFO RequestMappingHandlerAdapter:547 - Detected @ModelAttribute methods in globalExceptionHandler
2018/05/07 10:35:53  INFO RequestMappingHandlerAdapter:534 - Looking for @ControllerAdvice: WebApplicationContext for namespace 'SpringMVC-servlet': startup date [Mon May 07 10:35:46 CST 2018]; parent: Root WebApplicationContext
2018/05/07 10:35:53  INFO RequestMappingHandlerAdapter:547 - Detected @ModelAttribute methods in globalExceptionHandler
2018/05/07 10:35:53  INFO ExceptionHandlerExceptionResolver:269 - Detected @ExceptionHandler methods in globalExceptionHandler
2018/05/07 10:35:53  INFO SimpleUrlHandlerMapping:354 - Mapped URL path [/**] onto handler 'org.springframework.web.servlet.resource.DefaultServletHttpRequestHandler#0'
2018/05/07 10:35:53  INFO FreeMarkerConfigurer:127 - ClassTemplateLoader for Spring macros added to FreeMarker configuration
2018/05/07 10:35:53  INFO ExceptionHandlerExceptionResolver:269 - Detected @ExceptionHandler methods in globalExceptionHandler
2018/05/07 10:35:53  INFO DispatcherServlet:508 - FrameworkServlet 'SpringMVC': initialization completed in 7244 ms
2018/05/07 10:50:26  INFO ContextLoader:305 - Root WebApplicationContext: initialization started
2018/05/07 10:50:27  INFO XmlWebApplicationContext:581 - Refreshing Root WebApplicationContext: startup date [Mon May 07 10:50:26 CST 2018]; root of context hierarchy
2018/05/07 10:50:27  INFO XmlBeanDefinitionReader:317 - Loading XML bean definitions from class path resource [spring-mybatis.xml]
2018/05/07 10:50:30  WARN ClassPathMapperScanner:240 - Skipping MapperFactoryBean with name 'studentDao' and 'com.zj.dao.StudentDao' mapperInterface. Bean already defined with the same name!
2018/05/07 10:50:30  WARN ClassPathMapperScanner:240 - Skipping MapperFactoryBean with name 'userDao' and 'com.zj.dao.UserDao' mapperInterface. Bean already defined with the same name!
2018/05/07 10:50:30  WARN ClassPathMapperScanner:167 - No MyBatis mapper was found in '[com.zj.dao]' package. Please check your configuration.
2018/05/07 10:50:30  INFO PropertyPlaceholderConfigurer:172 - Loading properties file from class path resource [jdbc.properties]
2018/05/07 10:50:30  INFO AutowiredAnnotationBeanPostProcessor:155 - JSR-330 'javax.inject.Inject' annotation found and supported for autowiring
2018/05/07 10:50:34  INFO ContextLoader:345 - Root WebApplicationContext: initialization completed in 8312 ms
2018/05/07 10:50:34  INFO DispatcherServlet:489 - FrameworkServlet 'SpringMVC': initialization started
2018/05/07 10:50:34  INFO XmlWebApplicationContext:581 - Refreshing WebApplicationContext for namespace 'SpringMVC-servlet': startup date [Mon May 07 10:50:34 CST 2018]; parent: Root WebApplicationContext
2018/05/07 10:50:34  INFO XmlBeanDefinitionReader:317 - Loading XML bean definitions from class path resource [spring-mvc.xml]
2018/05/07 10:50:35  INFO DefaultListableBeanFactory:843 - Overriding bean definition for bean 'org.springframework.web.servlet.mvc.method.annotation.RequestMappingHandlerMapping' with a different definition: replacing [Root bean: class [org.springframework.web.servlet.mvc.method.annotation.RequestMappingHandlerMapping]; scope=; abstract=false; lazyInit=false; autowireMode=0; dependencyCheck=0; autowireCandidate=true; primary=false; factoryBeanName=null; factoryMethodName=null; initMethodName=null; destroyMethodName=null] with [Root bean: class [org.springframework.web.servlet.mvc.method.annotation.RequestMappingHandlerMapping]; scope=; abstract=false; lazyInit=false; autowireMode=0; dependencyCheck=0; autowireCandidate=true; primary=false; factoryBeanName=null; factoryMethodName=null; initMethodName=null; destroyMethodName=null]
2018/05/07 10:50:35  INFO DefaultListableBeanFactory:843 - Overriding bean definition for bean 'org.springframework.web.servlet.mvc.method.annotation.RequestMappingHandlerAdapter' with a different definition: replacing [Root bean: class [org.springframework.web.servlet.mvc.method.annotation.RequestMappingHandlerAdapter]; scope=; abstract=false; lazyInit=false; autowireMode=0; dependencyCheck=0; autowireCandidate=true; primary=false; factoryBeanName=null; factoryMethodName=null; initMethodName=null; destroyMethodName=null] with [Root bean: class [org.springframework.web.servlet.mvc.method.annotation.RequestMappingHandlerAdapter]; scope=; abstract=false; lazyInit=false; autowireMode=0; dependencyCheck=0; autowireCandidate=true; primary=false; factoryBeanName=null; factoryMethodName=null; initMethodName=null; destroyMethodName=null]
2018/05/07 10:50:35  INFO DefaultListableBeanFactory:843 - Overriding bean definition for bean 'mvcUriComponentsContributor' with a different definition: replacing [Root bean: class [org.springframework.web.servlet.config.AnnotationDrivenBeanDefinitionParser$CompositeUriComponentsContributorFactoryBean]; scope=; abstract=false; lazyInit=false; autowireMode=0; dependencyCheck=0; autowireCandidate=true; primary=false; factoryBeanName=null; factoryMethodName=null; initMethodName=null; destroyMethodName=null] with [Root bean: class [org.springframework.web.servlet.config.AnnotationDrivenBeanDefinitionParser$CompositeUriComponentsContributorFactoryBean]; scope=; abstract=false; lazyInit=false; autowireMode=0; dependencyCheck=0; autowireCandidate=true; primary=false; factoryBeanName=null; factoryMethodName=null; initMethodName=null; destroyMethodName=null]
2018/05/07 10:50:35  INFO AutowiredAnnotationBeanPostProcessor:155 - JSR-330 'javax.inject.Inject' annotation found and supported for autowiring
2018/05/07 10:50:38  INFO RequestMappingHandlerMapping:543 - Mapped "{[/student/add]}" onto public com.zj.result.ResultInfo com.zj.controller.StudentController.addStudent(javax.servlet.http.HttpServletRequest,com.zj.model.Student)
2018/05/07 10:50:38  INFO RequestMappingHandlerMapping:543 - Mapped "{[/student/addView]}" onto public java.lang.String com.zj.controller.StudentController.addView()
2018/05/07 10:50:38  INFO RequestMappingHandlerMapping:543 - Mapped "{[/student/main]}" onto public java.lang.String com.zj.controller.StudentController.findListStudent(com.zj.model.Student,org.springframework.ui.Model)
2018/05/07 10:50:38  INFO RequestMappingHandlerMapping:543 - Mapped "{[/student/delete/{id}&{uid}]}" onto public java.lang.String com.zj.controller.StudentController.deleteStudent(java.lang.Integer,java.lang.Integer)
2018/05/07 10:50:38  INFO RequestMappingHandlerMapping:543 - Mapped "{[/student/updateView/{id}]}" onto public java.lang.String com.zj.controller.StudentController.updateView(java.lang.Integer,java.lang.Integer,org.springframework.ui.Model)
2018/05/07 10:50:38  INFO RequestMappingHandlerMapping:543 - Mapped "{[/student/update]}" onto public com.zj.result.ResultInfo com.zj.controller.StudentController.updateStudent(com.zj.model.Student,javax.servlet.http.HttpServletRequest,javax.servlet.http.HttpSession)
2018/05/07 10:50:38  INFO RequestMappingHandlerMapping:543 - Mapped "{[/user/index]}" onto public java.lang.String com.zj.controller.UserController.index(javax.servlet.http.HttpServletRequest,javax.servlet.http.HttpSession)
2018/05/07 10:50:38  INFO RequestMappingHandlerMapping:543 - Mapped "{[/user/yzm]}" onto public void com.zj.controller.UserController.sendYzm(javax.servlet.http.HttpServletRequest,javax.servlet.http.HttpServletResponse) throws java.io.IOException
2018/05/07 10:50:38  INFO RequestMappingHandlerMapping:543 - Mapped "{[/user/check]}" onto public com.zj.result.ResultInfo com.zj.controller.UserController.checkYzm(javax.servlet.http.HttpServletRequest,javax.servlet.http.HttpServletResponse)
2018/05/07 10:50:38  INFO RequestMappingHandlerMapping:543 - Mapped "{[/user/login]}" onto public com.zj.result.ResultInfo com.zj.controller.UserController.login(com.zj.model.User,javax.servlet.http.HttpServletRequest,javax.servlet.http.HttpSession)
2018/05/07 10:50:42  INFO RequestMappingHandlerAdapter:534 - Looking for @ControllerAdvice: WebApplicationContext for namespace 'SpringMVC-servlet': startup date [Mon May 07 10:50:34 CST 2018]; parent: Root WebApplicationContext
2018/05/07 10:50:42  INFO RequestMappingHandlerAdapter:547 - Detected @ModelAttribute methods in globalExceptionHandler
2018/05/07 10:50:42  INFO RequestMappingHandlerAdapter:534 - Looking for @ControllerAdvice: WebApplicationContext for namespace 'SpringMVC-servlet': startup date [Mon May 07 10:50:34 CST 2018]; parent: Root WebApplicationContext
2018/05/07 10:50:42  INFO RequestMappingHandlerAdapter:547 - Detected @ModelAttribute methods in globalExceptionHandler
2018/05/07 10:50:42  INFO ExceptionHandlerExceptionResolver:269 - Detected @ExceptionHandler methods in globalExceptionHandler
2018/05/07 10:50:42  INFO SimpleUrlHandlerMapping:354 - Mapped URL path [/**] onto handler 'org.springframework.web.servlet.resource.DefaultServletHttpRequestHandler#0'
2018/05/07 10:50:42  INFO FreeMarkerConfigurer:127 - ClassTemplateLoader for Spring macros added to FreeMarker configuration
2018/05/07 10:50:42  INFO ExceptionHandlerExceptionResolver:269 - Detected @ExceptionHandler methods in globalExceptionHandler
2018/05/07 10:50:43  INFO DispatcherServlet:508 - FrameworkServlet 'SpringMVC': initialization completed in 8360 ms
2018/05/07 10:51:38  INFO UserService:20 - 用户登录：User{userId=null, userName='1', userPassword='1', uid=null}
2018/05/07 10:51:42  INFO UserService:20 - 用户登录：User{userId=null, userName='1', userPassword='1', uid=null}
2018/05/07 10:51:43  INFO UserService:20 - 用户登录：User{userId=null, userName='1', userPassword='1', uid=null}
2018/05/07 10:51:43  INFO UserService:20 - 用户登录：User{userId=null, userName='1', userPassword='1', uid=null}
2018/05/07 10:51:43  INFO UserService:20 - 用户登录：User{userId=null, userName='1', userPassword='1', uid=null}
2018/05/07 10:51:43  INFO UserService:20 - 用户登录：User{userId=null, userName='1', userPassword='1', uid=null}
2018/05/07 10:52:01  INFO StudentService:27 - addStudent入参：com.zj.result.ResultInfo@30c473e2
2018/05/07 14:19:11  INFO ContextLoader:305 - Root WebApplicationContext: initialization started
2018/05/07 14:19:11  INFO XmlWebApplicationContext:581 - Refreshing Root WebApplicationContext: startup date [Mon May 07 14:19:11 CST 2018]; root of context hierarchy
2018/05/07 14:19:11  INFO XmlBeanDefinitionReader:317 - Loading XML bean definitions from class path resource [spring-mybatis.xml]
2018/05/07 14:19:12  WARN ClassPathMapperScanner:240 - Skipping MapperFactoryBean with name 'studentDao' and 'com.zj.dao.StudentDao' mapperInterface. Bean already defined with the same name!
2018/05/07 14:19:12  WARN ClassPathMapperScanner:240 - Skipping MapperFactoryBean with name 'userDao' and 'com.zj.dao.UserDao' mapperInterface. Bean already defined with the same name!
2018/05/07 14:19:12  WARN ClassPathMapperScanner:167 - No MyBatis mapper was found in '[com.zj.dao]' package. Please check your configuration.
2018/05/07 14:19:12  INFO PropertyPlaceholderConfigurer:172 - Loading properties file from class path resource [jdbc.properties]
2018/05/07 14:19:12  INFO AutowiredAnnotationBeanPostProcessor:155 - JSR-330 'javax.inject.Inject' annotation found and supported for autowiring
2018/05/07 14:19:14  INFO ContextLoader:345 - Root WebApplicationContext: initialization completed in 2762 ms
2018/05/07 14:19:14  INFO DispatcherServlet:489 - FrameworkServlet 'SpringMVC': initialization started
2018/05/07 14:19:14  INFO XmlWebApplicationContext:581 - Refreshing WebApplicationContext for namespace 'SpringMVC-servlet': startup date [Mon May 07 14:19:14 CST 2018]; parent: Root WebApplicationContext
2018/05/07 14:19:14  INFO XmlBeanDefinitionReader:317 - Loading XML bean definitions from class path resource [spring-mvc.xml]
2018/05/07 14:19:14  INFO DefaultListableBeanFactory:843 - Overriding bean definition for bean 'org.springframework.web.servlet.mvc.method.annotation.RequestMappingHandlerMapping' with a different definition: replacing [Root bean: class [org.springframework.web.servlet.mvc.method.annotation.RequestMappingHandlerMapping]; scope=; abstract=false; lazyInit=false; autowireMode=0; dependencyCheck=0; autowireCandidate=true; primary=false; factoryBeanName=null; factoryMethodName=null; initMethodName=null; destroyMethodName=null] with [Root bean: class [org.springframework.web.servlet.mvc.method.annotation.RequestMappingHandlerMapping]; scope=; abstract=false; lazyInit=false; autowireMode=0; dependencyCheck=0; autowireCandidate=true; primary=false; factoryBeanName=null; factoryMethodName=null; initMethodName=null; destroyMethodName=null]
2018/05/07 14:19:14  INFO DefaultListableBeanFactory:843 - Overriding bean definition for bean 'org.springframework.web.servlet.mvc.method.annotation.RequestMappingHandlerAdapter' with a different definition: replacing [Root bean: class [org.springframework.web.servlet.mvc.method.annotation.RequestMappingHandlerAdapter]; scope=; abstract=false; lazyInit=false; autowireMode=0; dependencyCheck=0; autowireCandidate=true; primary=false; factoryBeanName=null; factoryMethodName=null; initMethodName=null; destroyMethodName=null] with [Root bean: class [org.springframework.web.servlet.mvc.method.annotation.RequestMappingHandlerAdapter]; scope=; abstract=false; lazyInit=false; autowireMode=0; dependencyCheck=0; autowireCandidate=true; primary=false; factoryBeanName=null; factoryMethodName=null; initMethodName=null; destroyMethodName=null]
2018/05/07 14:19:14  INFO DefaultListableBeanFactory:843 - Overriding bean definition for bean 'mvcUriComponentsContributor' with a different definition: replacing [Root bean: class [org.springframework.web.servlet.config.AnnotationDrivenBeanDefinitionParser$CompositeUriComponentsContributorFactoryBean]; scope=; abstract=false; lazyInit=false; autowireMode=0; dependencyCheck=0; autowireCandidate=true; primary=false; factoryBeanName=null; factoryMethodName=null; initMethodName=null; destroyMethodName=null] with [Root bean: class [org.springframework.web.servlet.config.AnnotationDrivenBeanDefinitionParser$CompositeUriComponentsContributorFactoryBean]; scope=; abstract=false; lazyInit=false; autowireMode=0; dependencyCheck=0; autowireCandidate=true; primary=false; factoryBeanName=null; factoryMethodName=null; initMethodName=null; destroyMethodName=null]
2018/05/07 14:19:14  INFO AutowiredAnnotationBeanPostProcessor:155 - JSR-330 'javax.inject.Inject' annotation found and supported for autowiring
2018/05/07 14:19:15  INFO RequestMappingHandlerMapping:543 - Mapped "{[/student/add]}" onto public com.zj.result.ResultInfo com.zj.controller.StudentController.addStudent(javax.servlet.http.HttpServletRequest,com.zj.model.Student)
2018/05/07 14:19:15  INFO RequestMappingHandlerMapping:543 - Mapped "{[/student/addView]}" onto public java.lang.String com.zj.controller.StudentController.addView()
2018/05/07 14:19:15  INFO RequestMappingHandlerMapping:543 - Mapped "{[/student/main]}" onto public java.lang.String com.zj.controller.StudentController.findListStudent(com.zj.model.Student,org.springframework.ui.Model)
2018/05/07 14:19:15  INFO RequestMappingHandlerMapping:543 - Mapped "{[/student/delete/{id}]}" onto public java.lang.String com.zj.controller.StudentController.deleteStudent(java.lang.Integer,java.lang.Integer)
2018/05/07 14:19:15  INFO RequestMappingHandlerMapping:543 - Mapped "{[/student/updateView/{id}]}" onto public java.lang.String com.zj.controller.StudentController.updateView(java.lang.Integer,java.lang.Integer,org.springframework.ui.Model)
2018/05/07 14:19:15  INFO RequestMappingHandlerMapping:543 - Mapped "{[/student/update]}" onto public com.zj.result.ResultInfo com.zj.controller.StudentController.updateStudent(com.zj.model.Student,javax.servlet.http.HttpServletRequest,javax.servlet.http.HttpSession)
2018/05/07 14:19:15  INFO RequestMappingHandlerMapping:543 - Mapped "{[/user/index]}" onto public java.lang.String com.zj.controller.UserController.index(javax.servlet.http.HttpServletRequest,javax.servlet.http.HttpSession)
2018/05/07 14:19:15  INFO RequestMappingHandlerMapping:543 - Mapped "{[/user/out]}" onto public java.lang.String com.zj.controller.UserController.out(javax.servlet.http.HttpSession)
2018/05/07 14:19:15  INFO RequestMappingHandlerMapping:543 - Mapped "{[/user/login]}" onto public com.zj.result.ResultInfo com.zj.controller.UserController.login(com.zj.model.User,javax.servlet.http.HttpServletRequest,javax.servlet.http.HttpSession)
2018/05/07 14:19:15  INFO RequestMappingHandlerMapping:543 - Mapped "{[/user/yzm]}" onto public void com.zj.controller.UserController.sendYzm(javax.servlet.http.HttpServletRequest,javax.servlet.http.HttpServletResponse) throws java.io.IOException
2018/05/07 14:19:15  INFO RequestMappingHandlerMapping:543 - Mapped "{[/user/check]}" onto public com.zj.result.ResultInfo com.zj.controller.UserController.checkYzm(javax.servlet.http.HttpServletRequest,javax.servlet.http.HttpServletResponse)
2018/05/07 14:19:17  INFO RequestMappingHandlerAdapter:534 - Looking for @ControllerAdvice: WebApplicationContext for namespace 'SpringMVC-servlet': startup date [Mon May 07 14:19:14 CST 2018]; parent: Root WebApplicationContext
2018/05/07 14:19:17  INFO RequestMappingHandlerAdapter:547 - Detected @ModelAttribute methods in globalExceptionHandler
2018/05/07 14:19:17  INFO RequestMappingHandlerAdapter:534 - Looking for @ControllerAdvice: WebApplicationContext for namespace 'SpringMVC-servlet': startup date [Mon May 07 14:19:14 CST 2018]; parent: Root WebApplicationContext
2018/05/07 14:19:17  INFO RequestMappingHandlerAdapter:547 - Detected @ModelAttribute methods in globalExceptionHandler
2018/05/07 14:19:17  INFO ExceptionHandlerExceptionResolver:269 - Detected @ExceptionHandler methods in globalExceptionHandler
2018/05/07 14:19:17  INFO SimpleUrlHandlerMapping:354 - Mapped URL path [/**] onto handler 'org.springframework.web.servlet.resource.DefaultServletHttpRequestHandler#0'
2018/05/07 14:19:17  INFO FreeMarkerConfigurer:127 - ClassTemplateLoader for Spring macros added to FreeMarker configuration
2018/05/07 14:19:17  INFO ExceptionHandlerExceptionResolver:269 - Detected @ExceptionHandler methods in globalExceptionHandler
2018/05/07 14:19:17  INFO DispatcherServlet:508 - FrameworkServlet 'SpringMVC': initialization completed in 3687 ms
2018/05/07 14:21:43  INFO UserService:20 - 用户登录：User{userId=null, userName='2', userPassword='2', uid=null}
2018/05/07 14:22:11  INFO UserService:20 - 用户登录：User{userId=null, userName='1', userPassword='1', uid=null}
