2018/05/09 13:48:13  INFO ContextLoader:305 - Root WebApplicationContext: initialization started
2018/05/09 13:48:13  INFO XmlWebApplicationContext:581 - Refreshing Root WebApplicationContext: startup date [Wed May 09 13:48:13 CST 2018]; root of context hierarchy
2018/05/09 13:48:14  INFO XmlBeanDefinitionReader:317 - Loading XML bean definitions from class path resource [spring-mybatis.xml]
2018/05/09 13:48:15  WARN ClassPathMapperScanner:240 - Skipping MapperFactoryBean with name 'studentDao' and 'com.zj.dao.StudentDao' mapperInterface. Bean already defined with the same name!
2018/05/09 13:48:15  WARN ClassPathMapperScanner:240 - Skipping MapperFactoryBean with name 'userDao' and 'com.zj.dao.UserDao' mapperInterface. Bean already defined with the same name!
2018/05/09 13:48:15  WARN ClassPathMapperScanner:167 - No MyBatis mapper was found in '[com.zj.dao]' package. Please check your configuration.
2018/05/09 13:48:15  INFO PropertyPlaceholderConfigurer:172 - Loading properties file from class path resource [jdbc.properties]
2018/05/09 13:48:15  INFO AutowiredAnnotationBeanPostProcessor:155 - JSR-330 'javax.inject.Inject' annotation found and supported for autowiring
2018/05/09 13:48:16  INFO ContextLoader:345 - Root WebApplicationContext: initialization completed in 2482 ms
2018/05/09 13:48:16  INFO DispatcherServlet:489 - FrameworkServlet 'SpringMVC': initialization started
2018/05/09 13:48:16  INFO XmlWebApplicationContext:581 - Refreshing WebApplicationContext for namespace 'SpringMVC-servlet': startup date [Wed May 09 13:48:16 CST 2018]; parent: Root WebApplicationContext
2018/05/09 13:48:16  INFO XmlBeanDefinitionReader:317 - Loading XML bean definitions from class path resource [spring-mvc.xml]
2018/05/09 13:48:16  INFO DefaultListableBeanFactory:843 - Overriding bean definition for bean 'org.springframework.web.servlet.mvc.method.annotation.RequestMappingHandlerMapping' with a different definition: replacing [Root bean: class [org.springframework.web.servlet.mvc.method.annotation.RequestMappingHandlerMapping]; scope=; abstract=false; lazyInit=false; autowireMode=0; dependencyCheck=0; autowireCandidate=true; primary=false; factoryBeanName=null; factoryMethodName=null; initMethodName=null; destroyMethodName=null] with [Root bean: class [org.springframework.web.servlet.mvc.method.annotation.RequestMappingHandlerMapping]; scope=; abstract=false; lazyInit=false; autowireMode=0; dependencyCheck=0; autowireCandidate=true; primary=false; factoryBeanName=null; factoryMethodName=null; initMethodName=null; destroyMethodName=null]
2018/05/09 13:48:16  INFO DefaultListableBeanFactory:843 - Overriding bean definition for bean 'org.springframework.web.servlet.mvc.method.annotation.RequestMappingHandlerAdapter' with a different definition: replacing [Root bean: class [org.springframework.web.servlet.mvc.method.annotation.RequestMappingHandlerAdapter]; scope=; abstract=false; lazyInit=false; autowireMode=0; dependencyCheck=0; autowireCandidate=true; primary=false; factoryBeanName=null; factoryMethodName=null; initMethodName=null; destroyMethodName=null] with [Root bean: class [org.springframework.web.servlet.mvc.method.annotation.RequestMappingHandlerAdapter]; scope=; abstract=false; lazyInit=false; autowireMode=0; dependencyCheck=0; autowireCandidate=true; primary=false; factoryBeanName=null; factoryMethodName=null; initMethodName=null; destroyMethodName=null]
2018/05/09 13:48:16  INFO DefaultListableBeanFactory:843 - Overriding bean definition for bean 'mvcUriComponentsContributor' with a different definition: replacing [Root bean: class [org.springframework.web.servlet.config.AnnotationDrivenBeanDefinitionParser$CompositeUriComponentsContributorFactoryBean]; scope=; abstract=false; lazyInit=false; autowireMode=0; dependencyCheck=0; autowireCandidate=true; primary=false; factoryBeanName=null; factoryMethodName=null; initMethodName=null; destroyMethodName=null] with [Root bean: class [org.springframework.web.servlet.config.AnnotationDrivenBeanDefinitionParser$CompositeUriComponentsContributorFactoryBean]; scope=; abstract=false; lazyInit=false; autowireMode=0; dependencyCheck=0; autowireCandidate=true; primary=false; factoryBeanName=null; factoryMethodName=null; initMethodName=null; destroyMethodName=null]
2018/05/09 13:48:16  INFO AutowiredAnnotationBeanPostProcessor:155 - JSR-330 'javax.inject.Inject' annotation found and supported for autowiring
2018/05/09 13:48:17  INFO RequestMappingHandlerMapping:543 - Mapped "{[/student/add]}" onto public com.zj.result.ResultInfo com.zj.controller.StudentController.addStudent(javax.servlet.http.HttpServletRequest,com.zj.model.Student)
2018/05/09 13:48:17  INFO RequestMappingHandlerMapping:543 - Mapped "{[/student/addView]}" onto public java.lang.String com.zj.controller.StudentController.addView()
2018/05/09 13:48:17  INFO RequestMappingHandlerMapping:543 - Mapped "{[/student/main]}" onto public java.lang.String com.zj.controller.StudentController.findListStudent(com.zj.model.Student,org.springframework.ui.Model)
2018/05/09 13:48:17  INFO RequestMappingHandlerMapping:543 - Mapped "{[/student/delete/{id}]}" onto public java.lang.String com.zj.controller.StudentController.deleteStudent(java.lang.Integer,java.lang.Integer)
2018/05/09 13:48:17  INFO RequestMappingHandlerMapping:543 - Mapped "{[/student/updateView/{id}]}" onto public java.lang.String com.zj.controller.StudentController.updateView(java.lang.Integer,java.lang.Integer,org.springframework.ui.Model)
2018/05/09 13:48:17  INFO RequestMappingHandlerMapping:543 - Mapped "{[/student/update]}" onto public com.zj.result.ResultInfo com.zj.controller.StudentController.updateStudent(com.zj.model.Student,javax.servlet.http.HttpServletRequest,javax.servlet.http.HttpSession)
2018/05/09 13:48:17  INFO RequestMappingHandlerMapping:543 - Mapped "{[/user/index]}" onto public java.lang.String com.zj.controller.UserController.index(javax.servlet.http.HttpServletRequest,javax.servlet.http.HttpSession)
2018/05/09 13:48:17  INFO RequestMappingHandlerMapping:543 - Mapped "{[/user/out]}" onto public java.lang.String com.zj.controller.UserController.out(javax.servlet.http.HttpSession)
2018/05/09 13:48:17  INFO RequestMappingHandlerMapping:543 - Mapped "{[/user/login]}" onto public com.zj.result.ResultInfo com.zj.controller.UserController.login(com.zj.model.User,javax.servlet.http.HttpServletRequest,javax.servlet.http.HttpSession)
2018/05/09 13:48:17  INFO RequestMappingHandlerMapping:543 - Mapped "{[/user/yzm]}" onto public void com.zj.controller.UserController.sendYzm(javax.servlet.http.HttpServletRequest,javax.servlet.http.HttpServletResponse) throws java.io.IOException
2018/05/09 13:48:17  INFO RequestMappingHandlerMapping:543 - Mapped "{[/user/check]}" onto public com.zj.result.ResultInfo com.zj.controller.UserController.checkYzm(javax.servlet.http.HttpServletRequest,javax.servlet.http.HttpServletResponse)
2018/05/09 13:48:19  INFO RequestMappingHandlerAdapter:534 - Looking for @ControllerAdvice: WebApplicationContext for namespace 'SpringMVC-servlet': startup date [Wed May 09 13:48:16 CST 2018]; parent: Root WebApplicationContext
2018/05/09 13:48:19  INFO RequestMappingHandlerAdapter:547 - Detected @ModelAttribute methods in globalExceptionHandler
2018/05/09 13:48:19  INFO RequestMappingHandlerAdapter:534 - Looking for @ControllerAdvice: WebApplicationContext for namespace 'SpringMVC-servlet': startup date [Wed May 09 13:48:16 CST 2018]; parent: Root WebApplicationContext
2018/05/09 13:48:19  INFO RequestMappingHandlerAdapter:547 - Detected @ModelAttribute methods in globalExceptionHandler
2018/05/09 13:48:19  INFO ExceptionHandlerExceptionResolver:269 - Detected @ExceptionHandler methods in globalExceptionHandler
2018/05/09 13:48:19  INFO SimpleUrlHandlerMapping:354 - Mapped URL path [/**] onto handler 'org.springframework.web.servlet.resource.DefaultServletHttpRequestHandler#0'
2018/05/09 13:48:20  INFO FreeMarkerConfigurer:127 - ClassTemplateLoader for Spring macros added to FreeMarker configuration
2018/05/09 13:48:20  INFO ExceptionHandlerExceptionResolver:269 - Detected @ExceptionHandler methods in globalExceptionHandler
2018/05/09 13:48:20  INFO DispatcherServlet:508 - FrameworkServlet 'SpringMVC': initialization completed in 3986 ms
